#
# There is insufficient memory for the Java Runtime Environment to continue.
# Native memory allocation (mmap) failed to map 2064384 bytes. Error detail: G1 virtual space
# Possible reasons:
#   The system is out of physical RAM or swap space
#   This process is running with CompressedOops enabled, and the Java Heap may be blocking the growth of the native heap
# Possible solutions:
#   Reduce memory load on the system
#   Increase physical memory or swap space
#   Check if swap backing store is full
#   Decrease Java heap size (-Xmx/-Xms)
#   Decrease number of Java threads
#   Decrease Java thread stack sizes (-Xss)
#   Set larger code cache with -XX:ReservedCodeCacheSize=
#   JVM is running with Unscaled Compressed Oops mode in which the Java heap is
#     placed in the first 4GB address space. The Java Heap base address is the
#     maximum limit for the native heap growth. Please use -XX:HeapBaseMinAddress
#     to set the Java Heap base and to place the Java Heap above 4GB virtual address.
# This output file may be truncated or incomplete.
#
#  Out of Memory Error (os_windows.cpp:3825), pid=24660, tid=25356
#
# JRE version:  (17.0.11) (build )
# Java VM: OpenJDK 64-Bit Server VM (17.0.11+0--11852314, mixed mode, sharing, tiered, compressed oops, compressed class ptrs, g1 gc, windows-amd64)
# No core dump will be written. Minidumps are not enabled by default on client versions of Windows
#

---------------  S U M M A R Y ------------

Command Line: org.jetbrains.kotlin.cli.jvm.K2JVMCompiler @C:\Users\HP CORPORATION\AndroidStudioProjects\ELearn\app\build\20250627_8710411701179320683.compiler.options

Host: Intel(R) Celeron(R) N4000 CPU @ 1.10GHz, 2 cores, 7G,  Windows 11 , 64 bit Build 26100 (10.0.26100.4202)
Time: Fri Jun 27 19:33:26 2025 SE Asia Standard Time elapsed time: 0.129721 seconds (0d 0h 0m 0s)

---------------  T H R E A D  ---------------

Current thread (0x0000021288026ff0):  JavaThread "Unknown thread" [_thread_in_vm, id=25356, stack(0x000000b242400000,0x000000b242500000)]

Stack: [0x000000b242400000,0x000000b242500000]
Native frames: (J=compiled Java code, j=interpreted, Vv=VM code, C=native code)
V  [jvm.dll+0x687bb9]
V  [jvm.dll+0x84142a]
V  [jvm.dll+0x8430ae]
V  [jvm.dll+0x843713]
V  [jvm.dll+0x24a35f]
V  [jvm.dll+0x684989]
V  [jvm.dll+0x67923a]
V  [jvm.dll+0x30af0b]
V  [jvm.dll+0x3123b6]
V  [jvm.dll+0x361e28]
V  [jvm.dll+0x36202f]
V  [jvm.dll+0x2e0d38]
V  [jvm.dll+0x2e1ca4]
V  [jvm.dll+0x811f21]
V  [jvm.dll+0x36fb68]
V  [jvm.dll+0x7f0896]
V  [jvm.dll+0x3f3d2f]
V  [jvm.dll+0x3f58e1]
C  [jli.dll+0x528f]
C  [ucrtbase.dll+0x37b0]
C  [KERNEL32.DLL+0x2e8d7]
C  [ntdll.dll+0x3c34c]


---------------  P R O C E S S  ---------------

Threads class SMR info:
_java_thread_list=0x00007ffe7ad9efd8, length=0, elements={
}

Java Threads: ( => current thread )

Other Threads:
  0x0000021288082010 GCTaskThread "GC Thread#0" [stack: 0x000000b242600000,0x000000b242700000] [id=21380]
  0x0000021288092820 ConcurrentGCThread "G1 Main Marker" [stack: 0x000000b242700000,0x000000b242800000] [id=28716]
  0x0000021288093f10 ConcurrentGCThread "G1 Conc#0" [stack: 0x000000b242800000,0x000000b242900000] [id=28168]

[error occurred during error reporting (printing all threads), id 0xc0000005, EXCEPTION_ACCESS_VIOLATION (0xc0000005) at pc=0x00007ffe7a551907]

VM state: not at safepoint (not fully initialized)

VM Mutex/Monitor currently owned by a thread:  ([mutex/lock_event])
[0x0000021288023660] Heap_lock - owner thread: 0x0000021288026ff0

Heap address: 0x0000000083a00000, size: 1990 MB, Compressed Oops mode: 32-bit

CDS archive(s) mapped at: [0x0000000000000000-0x0000000000000000-0x0000000000000000), size 0, SharedBaseAddress: 0x0000000800000000, ArchiveRelocationMode: 1.
Narrow klass base: 0x0000000000000000, Narrow klass shift: 0, Narrow klass range: 0x0

GC Precious Log:
<Empty>

Heap:
 garbage-first heap   total 0K, used 0K [0x0000000083a00000, 0x0000000100000000)
  region size 1024K, 0 young (0K), 0 survivors (0K)
 Metaspace       used 0K, committed 0K, reserved 0K
  class space    used 0K, committed 0K, reserved 0K

Heap Regions: E=young(eden), S=young(survivor), O=old, HS=humongous(starts), HC=humongous(continues), CS=collection set, F=free, OA=open archive, CA=closed archive, TAMS=top-at-mark-start (previous, next)

Card table byte_map: [0x000002129a500000,0x000002129a8f0000] _byte_map_base: 0x000002129a0e3000

Marking Bits (Prev, Next): (CMBitMap*) 0x0000021288082630, (CMBitMap*) 0x0000021288082670
 Prev Bits: [0x000002129ace0000, 0x000002129cbf8000)
 Next Bits: [0x000002129cc00000, 0x000002129eb18000)

GC Heap History (0 events):
No events

Dll operation events (1 events):
Event: 0.047 Loaded shared library C:\Program Files\Android\Android Studio\jbr\bin\java.dll

Deoptimization events (0 events):
No events

Classes unloaded (0 events):
No events

Classes redefined (0 events):
No events

Internal exceptions (0 events):
No events

VM Operations (0 events):
No events

Events (0 events):
No events


Dynamic libraries:
0x00007ff7c93e0000 - 0x00007ff7c93ea000 	C:\Program Files\Android\Android Studio\jbr\bin\java.exe
0x00007fff103e0000 - 0x00007fff10645000 	C:\WINDOWS\SYSTEM32\ntdll.dll
0x00007fff0ee30000 - 0x00007fff0eef9000 	C:\WINDOWS\System32\KERNEL32.DLL
0x00007fff0d7f0000 - 0x00007fff0dbd8000 	C:\WINDOWS\System32\KERNELBASE.dll
0x00007fff0e030000 - 0x00007fff0e17b000 	C:\WINDOWS\System32\ucrtbase.dll
0x00007ffefa560000 - 0x00007ffefa577000 	C:\Program Files\Android\Android Studio\jbr\bin\jli.dll
0x00007fff0ef40000 - 0x00007fff0f10a000 	C:\WINDOWS\System32\USER32.dll
0x00007fff0d530000 - 0x00007fff0d557000 	C:\WINDOWS\System32\win32u.dll
0x00007fff0ef00000 - 0x00007fff0ef2b000 	C:\WINDOWS\System32\GDI32.dll
0x00007fff0d610000 - 0x00007fff0d747000 	C:\WINDOWS\System32\gdi32full.dll
0x00007fff0d560000 - 0x00007fff0d603000 	C:\WINDOWS\System32\msvcp_win.dll
0x00007fff07fb0000 - 0x00007fff07fcb000 	C:\Program Files\Android\Android Studio\jbr\bin\VCRUNTIME140.dll
0x00007ffefc4e0000 - 0x00007ffefc77a000 	C:\WINDOWS\WinSxS\amd64_microsoft.windows.common-controls_6595b64144ccf1df_6.0.26100.4202_none_3e0698d4e335f517\COMCTL32.dll
0x00007fff0e360000 - 0x00007fff0e409000 	C:\WINDOWS\System32\msvcrt.dll
0x00007fff0e760000 - 0x00007fff0e790000 	C:\WINDOWS\System32\IMM32.DLL
0x00007fff07f80000 - 0x00007fff07f8c000 	C:\Program Files\Android\Android Studio\jbr\bin\vcruntime140_1.dll
0x00007ffedba80000 - 0x00007ffedbb0d000 	C:\Program Files\Android\Android Studio\jbr\bin\msvcp140.dll
0x00007ffe7a260000 - 0x00007ffe7aee3000 	C:\Program Files\Android\Android Studio\jbr\bin\server\jvm.dll
0x00007fff0ed10000 - 0x00007fff0edc3000 	C:\WINDOWS\System32\ADVAPI32.dll
0x00007fff0e2b0000 - 0x00007fff0e356000 	C:\WINDOWS\System32\sechost.dll
0x00007fff0e180000 - 0x00007fff0e295000 	C:\WINDOWS\System32\RPCRT4.dll
0x00007fff0d380000 - 0x00007fff0d3de000 	C:\WINDOWS\SYSTEM32\POWRPROF.dll
0x00007fff07f60000 - 0x00007fff07f6a000 	C:\WINDOWS\SYSTEM32\WSOCK32.dll
0x00007fff0e530000 - 0x00007fff0e5a4000 	C:\WINDOWS\System32\WS2_32.dll
0x00007ffeee090000 - 0x00007ffeee0c5000 	C:\WINDOWS\SYSTEM32\WINMM.dll
0x00007ffeff240000 - 0x00007ffeff24b000 	C:\WINDOWS\SYSTEM32\VERSION.dll
0x00007fff0d360000 - 0x00007fff0d374000 	C:\WINDOWS\SYSTEM32\UMPDC.dll
0x00007fff0c2f0000 - 0x00007fff0c30b000 	C:\WINDOWS\SYSTEM32\kernel.appcore.dll
0x00007fff07f50000 - 0x00007fff07f5a000 	C:\Program Files\Android\Android Studio\jbr\bin\jimage.dll
0x00007fff0ad10000 - 0x00007fff0af51000 	C:\WINDOWS\SYSTEM32\DBGHELP.DLL
0x00007fff0e7a0000 - 0x00007fff0eb25000 	C:\WINDOWS\System32\combase.dll
0x00007fff0f2d0000 - 0x00007fff0f3b1000 	C:\WINDOWS\System32\OLEAUT32.dll
0x00007ffeed2b0000 - 0x00007ffeed2e9000 	C:\WINDOWS\SYSTEM32\dbgcore.DLL
0x00007fff0d750000 - 0x00007fff0d7e9000 	C:\WINDOWS\System32\bcryptPrimitives.dll
0x00007fff059f0000 - 0x00007fff05a15000 	C:\Program Files\Android\Android Studio\jbr\bin\java.dll

dbghelp: loaded successfully - version: 4.0.5 - missing functions: none
symbol engine: initialized successfully - sym options: 0x614 - pdb path: .;C:\Program Files\Android\Android Studio\jbr\bin;C:\WINDOWS\SYSTEM32;C:\WINDOWS\WinSxS\amd64_microsoft.windows.common-controls_6595b64144ccf1df_6.0.26100.4202_none_3e0698d4e335f517;C:\Program Files\Android\Android Studio\jbr\bin\server

VM Arguments:
java_command: org.jetbrains.kotlin.cli.jvm.K2JVMCompiler @C:\Users\HP CORPORATION\AndroidStudioProjects\ELearn\app\build\20250627_8710411701179320683.compiler.options
java_class_path (initial): C:\Users\HP CORPORATION\.gradle\caches\modules-2\files-2.1\org.jetbrains.kotlin\kotlin-compiler-embeddable\1.9.20\b44d2f7d8c1c67c0ed66d40e57e52623ca753db7\kotlin-compiler-embeddable-1.9.20.jar;C:\Users\HP CORPORATION\.gradle\caches\modules-2\files-2.1\org.jetbrains.kotlin\kotlin-stdlib\1.9.20\e58b4816ac517e9cc5df1db051120c63d4cde669\kotlin-stdlib-1.9.20.jar;C:\Users\HP CORPORATION\.gradle\caches\modules-2\files-2.1\org.jetbrains.kotlin\kotlin-script-runtime\1.9.20\6fdfef711b8e07f1a4d0979a60acd7bc8a800777\kotlin-script-runtime-1.9.20.jar;C:\Users\HP CORPORATION\.gradle\caches\modules-2\files-2.1\org.jetbrains.kotlin\kotlin-reflect\1.6.10\1cbe9c92c12a94eea200d23c2bbaedaf3daf5132\kotlin-reflect-1.6.10.jar;C:\Users\HP CORPORATION\.gradle\caches\modules-2\files-2.1\org.jetbrains.kotlin\kotlin-daemon-embeddable\1.9.20\a2a6b491bc53049e2f1af33245481db49034ba52\kotlin-daemon-embeddable-1.9.20.jar;C:\Users\HP CORPORATION\.gradle\caches\modules-2\files-2.1\org.jetbrains.intellij.deps\trove4j\1.0.20200330\3afb14d5f9ceb459d724e907a21145e8ff394f02\trove4j-1.0.20200330.jar;C:\Users\HP CORPORATION\.gradle\caches\modules-2\files-2.1\org.jetbrains\annotations\13.0\919f0dfe192fb4e063e7dacadee7f8bb9a2672a9\annotations-13.0.jar
Launcher Type: SUN_STANDARD

[Global flags]
     intx CICompilerCount                          = 2                                         {product} {ergonomic}
     uint ConcGCThreads                            = 1                                         {product} {ergonomic}
     uint G1ConcRefinementThreads                  = 2                                         {product} {ergonomic}
   size_t G1HeapRegionSize                         = 1048576                                   {product} {ergonomic}
    uintx GCDrainStackTargetSize                   = 64                                        {product} {ergonomic}
   size_t InitialHeapSize                          = 132120576                                 {product} {ergonomic}
   size_t MarkStackSize                            = 4194304                                   {product} {ergonomic}
   size_t MaxHeapSize                              = 2086666240                                {product} {ergonomic}
   size_t MinHeapDeltaBytes                        = 1048576                                   {product} {ergonomic}
   size_t MinHeapSize                              = 8388608                                   {product} {ergonomic}
    uintx NonNMethodCodeHeapSize                   = 5826188                                {pd product} {ergonomic}
    uintx NonProfiledCodeHeapSize                  = 122916026                              {pd product} {ergonomic}
    uintx ProfiledCodeHeapSize                     = 122916026                              {pd product} {ergonomic}
    uintx ReservedCodeCacheSize                    = 251658240                              {pd product} {ergonomic}
     bool SegmentedCodeCache                       = true                                      {product} {ergonomic}
   size_t SoftMaxHeapSize                          = 2086666240                             {manageable} {ergonomic}
     bool UseCompressedClassPointers               = true                           {product lp64_product} {ergonomic}
     bool UseCompressedOops                        = true                           {product lp64_product} {ergonomic}
     bool UseG1GC                                  = true                                      {product} {ergonomic}
     bool UseLargePagesIndividualAllocation        = false                                  {pd product} {ergonomic}

Logging:
Log output configuration:
 #0: stdout all=warning uptime,level,tags
 #1: stderr all=off uptime,level,tags

Environment Variables:
PATH=C:\WINDOWS\system32;C:\WINDOWS;C:\WINDOWS\System32\Wbem;C:\WINDOWS\System32\WindowsPowerShell\v1.0\;C:\WINDOWS\System32\OpenSSH\;C:\Program Files\nodejs\;C:\MinGW\bin;C:\Program Files (x86)\Windows Kits\10\Windows Performance Toolkit\;C:\Program Files\Git\cmd;C:\Users\HP CORPORATION\.config\herd-lite\bin;C:\Users\HP CORPORATION\AppData\Local\Microsoft\WindowsApps;;C:\Users\HP CORPORATION\AppData\Roaming\npm;C:\Users\HP CORPORATION\AppData\Local\Microsoft\WindowsApps;C:\Users\HP CORPORATION\AppData\Local\Programs\Microsoft VS Code\bin
USERNAME=HP CORPORATION
OS=Windows_NT
PROCESSOR_IDENTIFIER=Intel64 Family 6 Model 122 Stepping 1, GenuineIntel
TMP=C:\Users\HPCORP~1\AppData\Local\Temp
TEMP=C:\Users\HPCORP~1\AppData\Local\Temp



Periodic native trim disabled

JNI global refs:
JNI global refs: 0, weak refs: 0

JNI global refs memory usage: 0, weak refs: 0

Process memory usage:
Resident Set Size: 12380K (0% of 8145100K total physical memory with 509532K free physical memory)

OOME stack traces (most recent first):
Classloader memory used:


---------------  S Y S T E M  ---------------

OS:
 Windows 11 , 64 bit Build 26100 (10.0.26100.4202)
OS uptime: 12 days 23:27 hours

CPU: total 2 (initial active 2) (2 cores per cpu, 1 threads per core) family 6 model 122 stepping 1 microcode 0x34, cx8, cmov, fxsr, mmx, 3dnowpref, sse, sse2, sse3, ssse3, sse4.1, sse4.2, popcnt, tsc, tscinvbit, aes, erms, clmul, sha, clflush, clflushopt
Processor Information for all 2 processors :
  Max Mhz: 1101, Current Mhz: 1101, Mhz Limit: 1101

Memory: 4k page, system-wide physical 7954M (497M free)
TotalPageFile size 32530M (AvailPageFile size 7M)
current process WorkingSet (physical memory assigned to process): 12M, peak: 12M
current process commit charge ("private bytes"): 176M, peak: 178M

vm_info: OpenJDK 64-Bit Server VM (17.0.11+0--11852314) for windows-amd64 JRE (17.0.11+0--11852314), built on May 16 2024 21:29:20 by "androidbuild" with MS VC++ 16.10 / 16.11 (VS2019)

END.
