#
# There is insufficient memory for the Java Runtime Environment to continue.
# Native memory allocation (malloc) failed to allocate 1405024 bytes. Error detail: Chunk::new
# Possible reasons:
#   The system is out of physical RAM or swap space
#   This process is running with CompressedOops enabled, and the Java Heap may be blocking the growth of the native heap
# Possible solutions:
#   Reduce memory load on the system
#   Increase physical memory or swap space
#   Check if swap backing store is full
#   Decrease Java heap size (-Xmx/-Xms)
#   Decrease number of Java threads
#   Decrease Java thread stack sizes (-Xss)
#   Set larger code cache with -XX:ReservedCodeCacheSize=
#   JVM is running with Unscaled Compressed Oops mode in which the Java heap is
#     placed in the first 4GB address space. The Java Heap base address is the
#     maximum limit for the native heap growth. Please use -XX:HeapBaseMinAddress
#     to set the Java Heap base and to place the Java Heap above 4GB virtual address.
# This output file may be truncated or incomplete.
#
#  Out of Memory Error (arena.cpp:191), pid=23252, tid=25428
#
# JRE version: OpenJDK Runtime Environment (17.0.11) (build 17.0.11+0--11852314)
# Java VM: OpenJDK 64-Bit Server VM (17.0.11+0--11852314, mixed mode, tiered, compressed oops, compressed class ptrs, g1 gc, windows-amd64)
# No core dump will be written. Minidumps are not enabled by default on client versions of Windows
#

---------------  S U M M A R Y ------------

Command Line: org.jetbrains.kotlin.cli.jvm.K2JVMCompiler @C:\Users\HP CORPORATION\AndroidStudioProjects\ELearn\app\build\20250627_13256289052473484557.compiler.options

Host: Intel(R) Celeron(R) N4000 CPU @ 1.10GHz, 2 cores, 7G,  Windows 11 , 64 bit Build 26100 (10.0.26100.4202)
Time: Fri Jun 27 19:10:32 2025 SE Asia Standard Time elapsed time: 113.119589 seconds (0d 0h 1m 53s)

---------------  T H R E A D  ---------------

Current thread (0x00000246d4261930):  JavaThread "C2 CompilerThread0" daemon [_thread_in_native, id=25428, stack(0x0000009d25100000,0x0000009d25200000)]


Current CompileTask:
C2: 113120 9523       4       org.jetbrains.kotlin.resolve.calls.tower.TowerResolver::processTowerData (97 bytes)

Stack: [0x0000009d25100000,0x0000009d25200000]
Native frames: (J=compiled Java code, j=interpreted, Vv=VM code, C=native code)
V  [jvm.dll+0x687bb9]
V  [jvm.dll+0x84142a]
V  [jvm.dll+0x8430ae]
V  [jvm.dll+0x843713]
V  [jvm.dll+0x24a35f]
V  [jvm.dll+0xac544]
V  [jvm.dll+0xacb8c]
V  [jvm.dll+0x369c37]
V  [jvm.dll+0x1be312]
V  [jvm.dll+0x21c029]
V  [jvm.dll+0x21b311]
V  [jvm.dll+0x1a63ed]
V  [jvm.dll+0x22b1ee]
V  [jvm.dll+0x229375]
V  [jvm.dll+0x7f5647]
V  [jvm.dll+0x7efa4a]
V  [jvm.dll+0x686a35]
C  [ucrtbase.dll+0x37b0]
C  [KERNEL32.DLL+0x2e8d7]
C  [ntdll.dll+0x3c34c]


---------------  P R O C E S S  ---------------

Threads class SMR info:
_java_thread_list=0x00000246d43c7010, length=12, elements={
0x00000246bb1e6bb0, 0x00000246d40c2470, 0x00000246d4220080, 0x00000246d40df8a0,
0x00000246d40e2370, 0x00000246d40e2d30, 0x00000246d4261030, 0x00000246d4261930,
0x00000246d42c91e0, 0x00000246d42caa10, 0x00000246d43c99f0, 0x00000246d43ea020
}

Java Threads: ( => current thread )
  0x00000246bb1e6bb0 JavaThread "main" [_thread_in_Java, id=30472, stack(0x0000009d24400000,0x0000009d24500000)]
  0x00000246d40c2470 JavaThread "Reference Handler" daemon [_thread_blocked, id=21016, stack(0x0000009d24b00000,0x0000009d24c00000)]
  0x00000246d4220080 JavaThread "Finalizer" daemon [_thread_blocked, id=3520, stack(0x0000009d24c00000,0x0000009d24d00000)]
  0x00000246d40df8a0 JavaThread "Signal Dispatcher" daemon [_thread_blocked, id=24976, stack(0x0000009d24d00000,0x0000009d24e00000)]
  0x00000246d40e2370 JavaThread "Attach Listener" daemon [_thread_blocked, id=19824, stack(0x0000009d24e00000,0x0000009d24f00000)]
  0x00000246d40e2d30 JavaThread "Service Thread" daemon [_thread_blocked, id=32124, stack(0x0000009d24f00000,0x0000009d25000000)]
  0x00000246d4261030 JavaThread "Monitor Deflation Thread" daemon [_thread_blocked, id=14560, stack(0x0000009d25000000,0x0000009d25100000)]
=>0x00000246d4261930 JavaThread "C2 CompilerThread0" daemon [_thread_in_native, id=25428, stack(0x0000009d25100000,0x0000009d25200000)]
  0x00000246d42c91e0 JavaThread "C1 CompilerThread0" daemon [_thread_blocked, id=18836, stack(0x0000009d25200000,0x0000009d25300000)]
  0x00000246d42caa10 JavaThread "Sweeper thread" daemon [_thread_blocked, id=11140, stack(0x0000009d25300000,0x0000009d25400000)]
  0x00000246d43c99f0 JavaThread "Notification Thread" daemon [_thread_blocked, id=11788, stack(0x0000009d25400000,0x0000009d25500000)]
  0x00000246d43ea020 JavaThread "Common-Cleaner" daemon [_thread_blocked, id=27132, stack(0x0000009d25600000,0x0000009d25700000)]

Other Threads:
  0x00000246d40d5c60 VMThread "VM Thread" [stack: 0x0000009d24a00000,0x0000009d24b00000] [id=1356]
  0x00000246d43cc2f0 WatcherThread [stack: 0x0000009d25500000,0x0000009d25600000] [id=24816]
  0x00000246bb241f80 GCTaskThread "GC Thread#0" [stack: 0x0000009d24500000,0x0000009d24600000] [id=28372]
  0x00000246d4424c90 GCTaskThread "GC Thread#1" [stack: 0x0000009d25700000,0x0000009d25800000] [id=17944]
  0x00000246bb252790 ConcurrentGCThread "G1 Main Marker" [stack: 0x0000009d24600000,0x0000009d24700000] [id=26612]
  0x00000246bb2531b0 ConcurrentGCThread "G1 Conc#0" [stack: 0x0000009d24700000,0x0000009d24800000] [id=19792]
  0x00000246bb29e9a0 ConcurrentGCThread "G1 Refine#0" [stack: 0x0000009d24800000,0x0000009d24900000] [id=13184]
  0x00000246d4edf880 ConcurrentGCThread "G1 Refine#1" [stack: 0x0000009d25800000,0x0000009d25900000] [id=8704]
  0x00000246d3f209f0 ConcurrentGCThread "G1 Service" [stack: 0x0000009d24900000,0x0000009d24a00000] [id=272]

Threads with active compile tasks:
C2 CompilerThread0   113475 9523       4       org.jetbrains.kotlin.resolve.calls.tower.TowerResolver::processTowerData (97 bytes)

VM state: not at safepoint (normal execution)

VM Mutex/Monitor currently owned by a thread: None

Heap address: 0x0000000083a00000, size: 1990 MB, Compressed Oops mode: 32-bit

CDS archive(s) not mapped
Compressed class space mapped at: 0x0000000100000000-0x0000000140000000, reserved size: 1073741824
Narrow klass base: 0x0000000000000000, Narrow klass shift: 3, Narrow klass range: 0x140000000

GC Precious Log:
 CPUs: 2 total, 2 available
 Memory: 7954M
 Large Page Support: Disabled
 NUMA Support: Disabled
 Compressed Oops: Enabled (32-bit)
 Heap Region Size: 1M
 Heap Min Capacity: 8M
 Heap Initial Capacity: 126M
 Heap Max Capacity: 1990M
 Pre-touch: Disabled
 Parallel Workers: 2
 Concurrent Workers: 1
 Concurrent Refinement Workers: 2
 Periodic GC: Disabled

Heap:
 garbage-first heap   total 212992K, used 143907K [0x0000000083a00000, 0x0000000100000000)
  region size 1024K, 86 young (88064K), 12 survivors (12288K)
 Metaspace       used 58766K, committed 59008K, reserved 1114112K
  class space    used 6544K, committed 6656K, reserved 1048576K

Heap Regions: E=young(eden), S=young(survivor), O=old, HS=humongous(starts), HC=humongous(continues), CS=collection set, F=free, OA=open archive, CA=closed archive, TAMS=top-at-mark-start (previous, next)
|   0|0x0000000083a00000, 0x0000000083b00000, 0x0000000083b00000|100%|HS|  |TAMS 0x0000000083b00000, 0x0000000083a00000| Complete 
|   1|0x0000000083b00000, 0x0000000083c00000, 0x0000000083c00000|100%|HC|  |TAMS 0x0000000083c00000, 0x0000000083b00000| Complete 
|   2|0x0000000083c00000, 0x0000000083d00000, 0x0000000083d00000|100%|HC|  |TAMS 0x0000000083d00000, 0x0000000083c00000| Complete 
|   3|0x0000000083d00000, 0x0000000083e00000, 0x0000000083e00000|100%|HC|  |TAMS 0x0000000083e00000, 0x0000000083d00000| Complete 
|   4|0x0000000083e00000, 0x0000000083f00000, 0x0000000083f00000|100%| O|  |TAMS 0x0000000083f00000, 0x0000000083e00000| Untracked 
|   5|0x0000000083f00000, 0x0000000084000000, 0x0000000084000000|100%| O|  |TAMS 0x0000000084000000, 0x0000000083f00000| Untracked 
|   6|0x0000000084000000, 0x0000000084100000, 0x0000000084100000|100%| O|  |TAMS 0x0000000084100000, 0x0000000084000000| Untracked 
|   7|0x0000000084100000, 0x0000000084200000, 0x0000000084200000|100%| O|  |TAMS 0x0000000084200000, 0x0000000084100000| Untracked 
|   8|0x0000000084200000, 0x0000000084300000, 0x0000000084300000|100%| O|  |TAMS 0x0000000084300000, 0x0000000084200000| Untracked 
|   9|0x0000000084300000, 0x0000000084400000, 0x0000000084400000|100%| O|  |TAMS 0x0000000084400000, 0x0000000084300000| Untracked 
|  10|0x0000000084400000, 0x0000000084500000, 0x0000000084500000|100%| O|  |TAMS 0x0000000084500000, 0x0000000084400000| Untracked 
|  11|0x0000000084500000, 0x0000000084600000, 0x0000000084600000|100%| O|  |TAMS 0x0000000084600000, 0x0000000084500000| Untracked 
|  12|0x0000000084600000, 0x0000000084700000, 0x0000000084700000|100%| O|  |TAMS 0x0000000084700000, 0x0000000084600000| Untracked 
|  13|0x0000000084700000, 0x0000000084800000, 0x0000000084800000|100%| O|  |TAMS 0x0000000084800000, 0x0000000084700000| Untracked 
|  14|0x0000000084800000, 0x0000000084900000, 0x0000000084900000|100%| O|  |TAMS 0x0000000084800000, 0x0000000084800000| Untracked 
|  15|0x0000000084900000, 0x0000000084a00000, 0x0000000084a00000|100%| O|  |TAMS 0x0000000084a00000, 0x0000000084900000| Untracked 
|  16|0x0000000084a00000, 0x0000000084b00000, 0x0000000084b00000|100%| O|  |TAMS 0x0000000084b00000, 0x0000000084a00000| Untracked 
|  17|0x0000000084b00000, 0x0000000084c00000, 0x0000000084c00000|100%| O|  |TAMS 0x0000000084c00000, 0x0000000084b00000| Untracked 
|  18|0x0000000084c00000, 0x0000000084d00000, 0x0000000084d00000|100%| O|  |TAMS 0x0000000084d00000, 0x0000000084c00000| Untracked 
|  19|0x0000000084d00000, 0x0000000084e00000, 0x0000000084e00000|100%| O|  |TAMS 0x0000000084e00000, 0x0000000084d00000| Untracked 
|  20|0x0000000084e00000, 0x0000000084f00000, 0x0000000084f00000|100%| O|  |TAMS 0x0000000084f00000, 0x0000000084e00000| Untracked 
|  21|0x0000000084f00000, 0x0000000085000000, 0x0000000085000000|100%| O|  |TAMS 0x0000000085000000, 0x0000000084f00000| Untracked 
|  22|0x0000000085000000, 0x0000000085100000, 0x0000000085100000|100%| O|  |TAMS 0x0000000085100000, 0x0000000085000000| Untracked 
|  23|0x0000000085100000, 0x0000000085200000, 0x0000000085200000|100%| O|  |TAMS 0x0000000085200000, 0x0000000085100000| Untracked 
|  24|0x0000000085200000, 0x0000000085300000, 0x0000000085300000|100%| O|  |TAMS 0x0000000085300000, 0x0000000085200000| Untracked 
|  25|0x0000000085300000, 0x0000000085400000, 0x0000000085400000|100%|HS|  |TAMS 0x0000000085400000, 0x0000000085300000| Complete 
|  26|0x0000000085400000, 0x0000000085500000, 0x0000000085500000|100%|HC|  |TAMS 0x0000000085500000, 0x0000000085400000| Complete 
|  27|0x0000000085500000, 0x0000000085600000, 0x0000000085600000|100%| O|  |TAMS 0x0000000085600000, 0x0000000085500000| Untracked 
|  28|0x0000000085600000, 0x0000000085700000, 0x0000000085700000|100%| O|  |TAMS 0x0000000085700000, 0x0000000085600000| Untracked 
|  29|0x0000000085700000, 0x0000000085800000, 0x0000000085800000|100%| O|  |TAMS 0x0000000085800000, 0x0000000085700000| Untracked 
|  30|0x0000000085800000, 0x0000000085900000, 0x0000000085900000|100%| O|  |TAMS 0x0000000085800000, 0x0000000085800000| Untracked 
|  31|0x0000000085900000, 0x0000000085a00000, 0x0000000085a00000|100%| O|  |TAMS 0x0000000085a00000, 0x0000000085900000| Untracked 
|  32|0x0000000085a00000, 0x0000000085b00000, 0x0000000085b00000|100%| O|  |TAMS 0x0000000085b00000, 0x0000000085a00000| Untracked 
|  33|0x0000000085b00000, 0x0000000085c00000, 0x0000000085c00000|100%| O|  |TAMS 0x0000000085c00000, 0x0000000085b00000| Untracked 
|  34|0x0000000085c00000, 0x0000000085d00000, 0x0000000085d00000|100%| O|  |TAMS 0x0000000085d00000, 0x0000000085c00000| Untracked 
|  35|0x0000000085d00000, 0x0000000085e00000, 0x0000000085e00000|100%| O|  |TAMS 0x0000000085e00000, 0x0000000085d00000| Untracked 
|  36|0x0000000085e00000, 0x0000000085f00000, 0x0000000085f00000|100%| O|  |TAMS 0x0000000085eb8600, 0x0000000085e00000| Untracked 
|  37|0x0000000085f00000, 0x0000000085f00000, 0x0000000086000000|  0%| F|  |TAMS 0x0000000085f00000, 0x0000000085f00000| Untracked 
|  38|0x0000000086000000, 0x0000000086000000, 0x0000000086100000|  0%| F|  |TAMS 0x0000000086000000, 0x0000000086000000| Untracked 
|  39|0x0000000086100000, 0x0000000086200000, 0x0000000086200000|100%| O|  |TAMS 0x0000000086100000, 0x0000000086100000| Untracked 
|  40|0x0000000086200000, 0x0000000086300000, 0x0000000086300000|100%| O|  |TAMS 0x0000000086200000, 0x0000000086200000| Untracked 
|  41|0x0000000086300000, 0x0000000086400000, 0x0000000086400000|100%| O|  |TAMS 0x0000000086300000, 0x0000000086300000| Untracked 
|  42|0x0000000086400000, 0x0000000086400000, 0x0000000086500000|  0%| F|  |TAMS 0x0000000086400000, 0x0000000086400000| Untracked 
|  43|0x0000000086500000, 0x0000000086600000, 0x0000000086600000|100%| O|  |TAMS 0x0000000086500000, 0x0000000086500000| Untracked 
|  44|0x0000000086600000, 0x0000000086700000, 0x0000000086700000|100%| O|  |TAMS 0x0000000086600000, 0x0000000086600000| Untracked 
|  45|0x0000000086700000, 0x0000000086800000, 0x0000000086800000|100%| O|  |TAMS 0x0000000086700000, 0x0000000086700000| Untracked 
|  46|0x0000000086800000, 0x0000000086900000, 0x0000000086900000|100%| O|  |TAMS 0x0000000086800000, 0x0000000086800000| Untracked 
|  47|0x0000000086900000, 0x0000000086a00000, 0x0000000086a00000|100%| O|  |TAMS 0x0000000086900000, 0x0000000086900000| Untracked 
|  48|0x0000000086a00000, 0x0000000086b00000, 0x0000000086b00000|100%| O|  |TAMS 0x0000000086a00000, 0x0000000086a00000| Untracked 
|  49|0x0000000086b00000, 0x0000000086c00000, 0x0000000086c00000|100%| O|  |TAMS 0x0000000086b00000, 0x0000000086b00000| Untracked 
|  50|0x0000000086c00000, 0x0000000086d00000, 0x0000000086d00000|100%| O|  |TAMS 0x0000000086c00000, 0x0000000086c00000| Untracked 
|  51|0x0000000086d00000, 0x0000000086e00000, 0x0000000086e00000|100%| O|  |TAMS 0x0000000086d00000, 0x0000000086d00000| Untracked 
|  52|0x0000000086e00000, 0x0000000086f00000, 0x0000000086f00000|100%| O|  |TAMS 0x0000000086e00000, 0x0000000086e00000| Untracked 
|  53|0x0000000086f00000, 0x0000000087000000, 0x0000000087000000|100%| O|  |TAMS 0x0000000086f00000, 0x0000000086f00000| Untracked 
|  54|0x0000000087000000, 0x0000000087100000, 0x0000000087100000|100%| O|  |TAMS 0x0000000087000000, 0x0000000087000000| Untracked 
|  55|0x0000000087100000, 0x0000000087200000, 0x0000000087200000|100%| O|  |TAMS 0x0000000087100000, 0x0000000087100000| Untracked 
|  56|0x0000000087200000, 0x0000000087288e00, 0x0000000087300000| 53%| O|  |TAMS 0x0000000087200000, 0x0000000087200000| Untracked 
|  57|0x0000000087300000, 0x0000000087300000, 0x0000000087400000|  0%| F|  |TAMS 0x0000000087300000, 0x0000000087300000| Untracked 
|  58|0x0000000087400000, 0x0000000087400000, 0x0000000087500000|  0%| F|  |TAMS 0x0000000087400000, 0x0000000087400000| Untracked 
|  59|0x0000000087500000, 0x0000000087500000, 0x0000000087600000|  0%| F|  |TAMS 0x0000000087500000, 0x0000000087500000| Untracked 
|  60|0x0000000087600000, 0x0000000087600000, 0x0000000087700000|  0%| F|  |TAMS 0x0000000087600000, 0x0000000087600000| Untracked 
|  61|0x0000000087700000, 0x0000000087700000, 0x0000000087800000|  0%| F|  |TAMS 0x0000000087700000, 0x0000000087700000| Untracked 
|  62|0x0000000087800000, 0x0000000087800000, 0x0000000087900000|  0%| F|  |TAMS 0x0000000087800000, 0x0000000087800000| Untracked 
|  63|0x0000000087900000, 0x0000000087900000, 0x0000000087a00000|  0%| F|  |TAMS 0x0000000087900000, 0x0000000087900000| Untracked 
|  64|0x0000000087a00000, 0x0000000087a00000, 0x0000000087b00000|  0%| F|  |TAMS 0x0000000087a00000, 0x0000000087a00000| Untracked 
|  65|0x0000000087b00000, 0x0000000087b00000, 0x0000000087c00000|  0%| F|  |TAMS 0x0000000087b00000, 0x0000000087b00000| Untracked 
|  66|0x0000000087c00000, 0x0000000087c00000, 0x0000000087d00000|  0%| F|  |TAMS 0x0000000087c00000, 0x0000000087c00000| Untracked 
|  67|0x0000000087d00000, 0x0000000087d00000, 0x0000000087e00000|  0%| F|  |TAMS 0x0000000087d00000, 0x0000000087d00000| Untracked 
|  68|0x0000000087e00000, 0x0000000087e00000, 0x0000000087f00000|  0%| F|  |TAMS 0x0000000087e00000, 0x0000000087e00000| Untracked 
|  69|0x0000000087f00000, 0x0000000087f00000, 0x0000000088000000|  0%| F|  |TAMS 0x0000000087f00000, 0x0000000087f00000| Untracked 
|  70|0x0000000088000000, 0x0000000088000000, 0x0000000088100000|  0%| F|  |TAMS 0x0000000088000000, 0x0000000088000000| Untracked 
|  71|0x0000000088100000, 0x0000000088100000, 0x0000000088200000|  0%| F|  |TAMS 0x0000000088100000, 0x0000000088100000| Untracked 
|  72|0x0000000088200000, 0x0000000088200000, 0x0000000088300000|  0%| F|  |TAMS 0x0000000088200000, 0x0000000088200000| Untracked 
|  73|0x0000000088300000, 0x0000000088300000, 0x0000000088400000|  0%| F|  |TAMS 0x0000000088300000, 0x0000000088300000| Untracked 
|  74|0x0000000088400000, 0x0000000088400000, 0x0000000088500000|  0%| F|  |TAMS 0x0000000088400000, 0x0000000088400000| Untracked 
|  75|0x0000000088500000, 0x0000000088500000, 0x0000000088600000|  0%| F|  |TAMS 0x0000000088500000, 0x0000000088500000| Untracked 
|  76|0x0000000088600000, 0x0000000088600000, 0x0000000088700000|  0%| F|  |TAMS 0x0000000088600000, 0x0000000088600000| Untracked 
|  77|0x0000000088700000, 0x0000000088700000, 0x0000000088800000|  0%| F|  |TAMS 0x0000000088700000, 0x0000000088700000| Untracked 
|  78|0x0000000088800000, 0x0000000088800000, 0x0000000088900000|  0%| F|  |TAMS 0x0000000088800000, 0x0000000088800000| Untracked 
|  79|0x0000000088900000, 0x0000000088900000, 0x0000000088a00000|  0%| F|  |TAMS 0x0000000088900000, 0x0000000088900000| Untracked 
|  80|0x0000000088a00000, 0x0000000088a00000, 0x0000000088b00000|  0%| F|  |TAMS 0x0000000088a00000, 0x0000000088a00000| Untracked 
|  81|0x0000000088b00000, 0x0000000088b00000, 0x0000000088c00000|  0%| F|  |TAMS 0x0000000088b00000, 0x0000000088b00000| Untracked 
|  82|0x0000000088c00000, 0x0000000088c00000, 0x0000000088d00000|  0%| F|  |TAMS 0x0000000088c00000, 0x0000000088c00000| Untracked 
|  83|0x0000000088d00000, 0x0000000088d00000, 0x0000000088e00000|  0%| F|  |TAMS 0x0000000088d00000, 0x0000000088d00000| Untracked 
|  84|0x0000000088e00000, 0x0000000088e00000, 0x0000000088f00000|  0%| F|  |TAMS 0x0000000088e00000, 0x0000000088e00000| Untracked 
|  85|0x0000000088f00000, 0x0000000088f00000, 0x0000000089000000|  0%| F|  |TAMS 0x0000000088f00000, 0x0000000088f00000| Untracked 
|  86|0x0000000089000000, 0x0000000089000000, 0x0000000089100000|  0%| F|  |TAMS 0x0000000089000000, 0x0000000089000000| Untracked 
|  87|0x0000000089100000, 0x0000000089100000, 0x0000000089200000|  0%| F|  |TAMS 0x0000000089100000, 0x0000000089100000| Untracked 
|  88|0x0000000089200000, 0x0000000089200000, 0x0000000089300000|  0%| F|  |TAMS 0x0000000089200000, 0x0000000089200000| Untracked 
|  89|0x0000000089300000, 0x0000000089300000, 0x0000000089400000|  0%| F|  |TAMS 0x0000000089300000, 0x0000000089300000| Untracked 
|  90|0x0000000089400000, 0x0000000089400000, 0x0000000089500000|  0%| F|  |TAMS 0x0000000089400000, 0x0000000089400000| Untracked 
|  91|0x0000000089500000, 0x0000000089500000, 0x0000000089600000|  0%| F|  |TAMS 0x0000000089500000, 0x0000000089500000| Untracked 
|  92|0x0000000089600000, 0x0000000089600000, 0x0000000089700000|  0%| F|  |TAMS 0x0000000089600000, 0x0000000089600000| Untracked 
|  93|0x0000000089700000, 0x0000000089700000, 0x0000000089800000|  0%| F|  |TAMS 0x0000000089700000, 0x0000000089700000| Untracked 
|  94|0x0000000089800000, 0x0000000089800000, 0x0000000089900000|  0%| F|  |TAMS 0x0000000089800000, 0x0000000089800000| Untracked 
|  95|0x0000000089900000, 0x0000000089900000, 0x0000000089a00000|  0%| F|  |TAMS 0x0000000089900000, 0x0000000089900000| Untracked 
|  96|0x0000000089a00000, 0x0000000089a00000, 0x0000000089b00000|  0%| F|  |TAMS 0x0000000089a00000, 0x0000000089a00000| Untracked 
|  97|0x0000000089b00000, 0x0000000089b00000, 0x0000000089c00000|  0%| F|  |TAMS 0x0000000089b00000, 0x0000000089b00000| Untracked 
|  98|0x0000000089c00000, 0x0000000089c00000, 0x0000000089d00000|  0%| F|  |TAMS 0x0000000089c00000, 0x0000000089c00000| Untracked 
|  99|0x0000000089d00000, 0x0000000089d00000, 0x0000000089e00000|  0%| F|  |TAMS 0x0000000089d00000, 0x0000000089d00000| Untracked 
| 100|0x0000000089e00000, 0x0000000089e00000, 0x0000000089f00000|  0%| F|  |TAMS 0x0000000089e00000, 0x0000000089e00000| Untracked 
| 101|0x0000000089f00000, 0x0000000089f00000, 0x000000008a000000|  0%| F|  |TAMS 0x0000000089f00000, 0x0000000089f00000| Untracked 
| 102|0x000000008a000000, 0x000000008a000000, 0x000000008a100000|  0%| F|  |TAMS 0x000000008a000000, 0x000000008a000000| Untracked 
| 103|0x000000008a100000, 0x000000008a100000, 0x000000008a200000|  0%| F|  |TAMS 0x000000008a100000, 0x000000008a100000| Untracked 
| 104|0x000000008a200000, 0x000000008a200000, 0x000000008a300000|  0%| F|  |TAMS 0x000000008a200000, 0x000000008a200000| Untracked 
| 105|0x000000008a300000, 0x000000008a300000, 0x000000008a400000|  0%| F|  |TAMS 0x000000008a300000, 0x000000008a300000| Untracked 
| 106|0x000000008a400000, 0x000000008a400000, 0x000000008a500000|  0%| F|  |TAMS 0x000000008a400000, 0x000000008a400000| Untracked 
| 107|0x000000008a500000, 0x000000008a500000, 0x000000008a600000|  0%| F|  |TAMS 0x000000008a500000, 0x000000008a500000| Untracked 
| 108|0x000000008a600000, 0x000000008a600000, 0x000000008a700000|  0%| F|  |TAMS 0x000000008a600000, 0x000000008a600000| Untracked 
| 109|0x000000008a700000, 0x000000008a700000, 0x000000008a800000|  0%| F|  |TAMS 0x000000008a700000, 0x000000008a700000| Untracked 
| 110|0x000000008a800000, 0x000000008a800000, 0x000000008a900000|  0%| F|  |TAMS 0x000000008a800000, 0x000000008a800000| Untracked 
| 111|0x000000008a900000, 0x000000008a900000, 0x000000008aa00000|  0%| F|  |TAMS 0x000000008a900000, 0x000000008a900000| Untracked 
| 112|0x000000008aa00000, 0x000000008ab00000, 0x000000008ab00000|100%| S|CS|TAMS 0x000000008aa00000, 0x000000008aa00000| Complete 
| 113|0x000000008ab00000, 0x000000008ac00000, 0x000000008ac00000|100%| S|CS|TAMS 0x000000008ab00000, 0x000000008ab00000| Complete 
| 114|0x000000008ac00000, 0x000000008ad00000, 0x000000008ad00000|100%| S|CS|TAMS 0x000000008ac00000, 0x000000008ac00000| Complete 
| 115|0x000000008ad00000, 0x000000008ae00000, 0x000000008ae00000|100%| S|CS|TAMS 0x000000008ad00000, 0x000000008ad00000| Complete 
| 116|0x000000008ae00000, 0x000000008af00000, 0x000000008af00000|100%| S|CS|TAMS 0x000000008ae00000, 0x000000008ae00000| Complete 
| 117|0x000000008af00000, 0x000000008b000000, 0x000000008b000000|100%| S|CS|TAMS 0x000000008af00000, 0x000000008af00000| Complete 
| 118|0x000000008b000000, 0x000000008b100000, 0x000000008b100000|100%| S|CS|TAMS 0x000000008b000000, 0x000000008b000000| Complete 
| 119|0x000000008b100000, 0x000000008b200000, 0x000000008b200000|100%| S|CS|TAMS 0x000000008b100000, 0x000000008b100000| Complete 
| 120|0x000000008b200000, 0x000000008b300000, 0x000000008b300000|100%| S|CS|TAMS 0x000000008b200000, 0x000000008b200000| Complete 
| 121|0x000000008b300000, 0x000000008b400000, 0x000000008b400000|100%| S|CS|TAMS 0x000000008b300000, 0x000000008b300000| Complete 
| 122|0x000000008b400000, 0x000000008b500000, 0x000000008b500000|100%| S|CS|TAMS 0x000000008b400000, 0x000000008b400000| Complete 
| 123|0x000000008b500000, 0x000000008b600000, 0x000000008b600000|100%| S|CS|TAMS 0x000000008b500000, 0x000000008b500000| Complete 
| 124|0x000000008b600000, 0x000000008b600000, 0x000000008b700000|  0%| F|  |TAMS 0x000000008b600000, 0x000000008b600000| Untracked 
| 125|0x000000008b700000, 0x000000008b700000, 0x000000008b800000|  0%| F|  |TAMS 0x000000008b700000, 0x000000008b700000| Untracked 
| 126|0x000000008b800000, 0x000000008b800000, 0x000000008b900000|  0%| F|  |TAMS 0x000000008b800000, 0x000000008b800000| Untracked 
| 127|0x000000008b900000, 0x000000008b900000, 0x000000008ba00000|  0%| F|  |TAMS 0x000000008b900000, 0x000000008b900000| Untracked 
| 128|0x000000008ba00000, 0x000000008ba00000, 0x000000008bb00000|  0%| F|  |TAMS 0x000000008ba00000, 0x000000008ba00000| Untracked 
| 129|0x000000008bb00000, 0x000000008bb00000, 0x000000008bc00000|  0%| F|  |TAMS 0x000000008bb00000, 0x000000008bb00000| Untracked 
| 130|0x000000008bc00000, 0x000000008bc00000, 0x000000008bd00000|  0%| F|  |TAMS 0x000000008bc00000, 0x000000008bc00000| Untracked 
| 131|0x000000008bd00000, 0x000000008bd00000, 0x000000008be00000|  0%| F|  |TAMS 0x000000008bd00000, 0x000000008bd00000| Untracked 
| 132|0x000000008be00000, 0x000000008be80800, 0x000000008bf00000| 50%| E|  |TAMS 0x000000008be00000, 0x000000008be00000| Complete 
| 133|0x000000008bf00000, 0x000000008c000000, 0x000000008c000000|100%| E|CS|TAMS 0x000000008bf00000, 0x000000008bf00000| Complete 
| 134|0x000000008c000000, 0x000000008c100000, 0x000000008c100000|100%| E|CS|TAMS 0x000000008c000000, 0x000000008c000000| Complete 
| 135|0x000000008c100000, 0x000000008c200000, 0x000000008c200000|100%| E|CS|TAMS 0x000000008c100000, 0x000000008c100000| Complete 
| 136|0x000000008c200000, 0x000000008c300000, 0x000000008c300000|100%| E|CS|TAMS 0x000000008c200000, 0x000000008c200000| Complete 
| 137|0x000000008c300000, 0x000000008c400000, 0x000000008c400000|100%| E|CS|TAMS 0x000000008c300000, 0x000000008c300000| Complete 
| 138|0x000000008c400000, 0x000000008c500000, 0x000000008c500000|100%| E|CS|TAMS 0x000000008c400000, 0x000000008c400000| Complete 
| 139|0x000000008c500000, 0x000000008c600000, 0x000000008c600000|100%| E|CS|TAMS 0x000000008c500000, 0x000000008c500000| Complete 
| 140|0x000000008c600000, 0x000000008c700000, 0x000000008c700000|100%| E|CS|TAMS 0x000000008c600000, 0x000000008c600000| Complete 
| 141|0x000000008c700000, 0x000000008c800000, 0x000000008c800000|100%| E|CS|TAMS 0x000000008c700000, 0x000000008c700000| Complete 
| 142|0x000000008c800000, 0x000000008c900000, 0x000000008c900000|100%| E|CS|TAMS 0x000000008c800000, 0x000000008c800000| Complete 
| 143|0x000000008c900000, 0x000000008ca00000, 0x000000008ca00000|100%| E|CS|TAMS 0x000000008c900000, 0x000000008c900000| Complete 
| 144|0x000000008ca00000, 0x000000008cb00000, 0x000000008cb00000|100%| E|CS|TAMS 0x000000008ca00000, 0x000000008ca00000| Complete 
| 145|0x000000008cb00000, 0x000000008cc00000, 0x000000008cc00000|100%| E|CS|TAMS 0x000000008cb00000, 0x000000008cb00000| Complete 
| 146|0x000000008cc00000, 0x000000008cd00000, 0x000000008cd00000|100%| E|CS|TAMS 0x000000008cc00000, 0x000000008cc00000| Complete 
| 147|0x000000008cd00000, 0x000000008ce00000, 0x000000008ce00000|100%| E|CS|TAMS 0x000000008cd00000, 0x000000008cd00000| Complete 
| 148|0x000000008ce00000, 0x000000008cf00000, 0x000000008cf00000|100%| E|CS|TAMS 0x000000008ce00000, 0x000000008ce00000| Complete 
| 149|0x000000008cf00000, 0x000000008d000000, 0x000000008d000000|100%| E|CS|TAMS 0x000000008cf00000, 0x000000008cf00000| Complete 
| 150|0x000000008d000000, 0x000000008d100000, 0x000000008d100000|100%| E|CS|TAMS 0x000000008d000000, 0x000000008d000000| Complete 
| 151|0x000000008d100000, 0x000000008d200000, 0x000000008d200000|100%| E|CS|TAMS 0x000000008d100000, 0x000000008d100000| Complete 
| 152|0x000000008d200000, 0x000000008d300000, 0x000000008d300000|100%| E|CS|TAMS 0x000000008d200000, 0x000000008d200000| Complete 
| 153|0x000000008d300000, 0x000000008d400000, 0x000000008d400000|100%| E|CS|TAMS 0x000000008d300000, 0x000000008d300000| Complete 
| 154|0x000000008d400000, 0x000000008d500000, 0x000000008d500000|100%| E|CS|TAMS 0x000000008d400000, 0x000000008d400000| Complete 
| 155|0x000000008d500000, 0x000000008d600000, 0x000000008d600000|100%| E|CS|TAMS 0x000000008d500000, 0x000000008d500000| Complete 
| 156|0x000000008d600000, 0x000000008d700000, 0x000000008d700000|100%| E|CS|TAMS 0x000000008d600000, 0x000000008d600000| Complete 
| 157|0x000000008d700000, 0x000000008d800000, 0x000000008d800000|100%| E|CS|TAMS 0x000000008d700000, 0x000000008d700000| Complete 
| 158|0x000000008d800000, 0x000000008d900000, 0x000000008d900000|100%| E|CS|TAMS 0x000000008d800000, 0x000000008d800000| Complete 
| 159|0x000000008d900000, 0x000000008da00000, 0x000000008da00000|100%| E|CS|TAMS 0x000000008d900000, 0x000000008d900000| Complete 
| 160|0x000000008da00000, 0x000000008db00000, 0x000000008db00000|100%| E|CS|TAMS 0x000000008da00000, 0x000000008da00000| Complete 
| 161|0x000000008db00000, 0x000000008dc00000, 0x000000008dc00000|100%| E|CS|TAMS 0x000000008db00000, 0x000000008db00000| Complete 
| 162|0x000000008dc00000, 0x000000008dd00000, 0x000000008dd00000|100%| E|CS|TAMS 0x000000008dc00000, 0x000000008dc00000| Complete 
| 163|0x000000008dd00000, 0x000000008de00000, 0x000000008de00000|100%| E|CS|TAMS 0x000000008dd00000, 0x000000008dd00000| Complete 
| 164|0x000000008de00000, 0x000000008df00000, 0x000000008df00000|100%| E|CS|TAMS 0x000000008de00000, 0x000000008de00000| Complete 
| 165|0x000000008df00000, 0x000000008e000000, 0x000000008e000000|100%| E|CS|TAMS 0x000000008df00000, 0x000000008df00000| Complete 
| 166|0x000000008e000000, 0x000000008e100000, 0x000000008e100000|100%| E|CS|TAMS 0x000000008e000000, 0x000000008e000000| Complete 
| 167|0x000000008e100000, 0x000000008e200000, 0x000000008e200000|100%| E|CS|TAMS 0x000000008e100000, 0x000000008e100000| Complete 
| 168|0x000000008e200000, 0x000000008e300000, 0x000000008e300000|100%| E|CS|TAMS 0x000000008e200000, 0x000000008e200000| Complete 
| 169|0x000000008e300000, 0x000000008e400000, 0x000000008e400000|100%| E|CS|TAMS 0x000000008e300000, 0x000000008e300000| Complete 
| 170|0x000000008e400000, 0x000000008e500000, 0x000000008e500000|100%| E|CS|TAMS 0x000000008e400000, 0x000000008e400000| Complete 
| 171|0x000000008e500000, 0x000000008e600000, 0x000000008e600000|100%| E|CS|TAMS 0x000000008e500000, 0x000000008e500000| Complete 
| 172|0x000000008e600000, 0x000000008e700000, 0x000000008e700000|100%| E|CS|TAMS 0x000000008e600000, 0x000000008e600000| Complete 
| 173|0x000000008e700000, 0x000000008e800000, 0x000000008e800000|100%| E|CS|TAMS 0x000000008e700000, 0x000000008e700000| Complete 
| 174|0x000000008e800000, 0x000000008e900000, 0x000000008e900000|100%| E|CS|TAMS 0x000000008e800000, 0x000000008e800000| Complete 
| 175|0x000000008e900000, 0x000000008ea00000, 0x000000008ea00000|100%| E|CS|TAMS 0x000000008e900000, 0x000000008e900000| Complete 
| 176|0x000000008ea00000, 0x000000008eb00000, 0x000000008eb00000|100%| E|CS|TAMS 0x000000008ea00000, 0x000000008ea00000| Complete 
| 177|0x000000008eb00000, 0x000000008ec00000, 0x000000008ec00000|100%| E|CS|TAMS 0x000000008eb00000, 0x000000008eb00000| Complete 
| 178|0x000000008ec00000, 0x000000008ed00000, 0x000000008ed00000|100%| E|CS|TAMS 0x000000008ec00000, 0x000000008ec00000| Complete 
| 179|0x000000008ed00000, 0x000000008ee00000, 0x000000008ee00000|100%| E|CS|TAMS 0x000000008ed00000, 0x000000008ed00000| Complete 
| 180|0x000000008ee00000, 0x000000008ef00000, 0x000000008ef00000|100%| E|CS|TAMS 0x000000008ee00000, 0x000000008ee00000| Complete 
| 181|0x000000008ef00000, 0x000000008f000000, 0x000000008f000000|100%| E|CS|TAMS 0x000000008ef00000, 0x000000008ef00000| Complete 
| 182|0x000000008f000000, 0x000000008f100000, 0x000000008f100000|100%| E|CS|TAMS 0x000000008f000000, 0x000000008f000000| Complete 
| 183|0x000000008f100000, 0x000000008f200000, 0x000000008f200000|100%| E|CS|TAMS 0x000000008f100000, 0x000000008f100000| Complete 
| 184|0x000000008f200000, 0x000000008f300000, 0x000000008f300000|100%| E|CS|TAMS 0x000000008f200000, 0x000000008f200000| Complete 
| 185|0x000000008f300000, 0x000000008f400000, 0x000000008f400000|100%| E|CS|TAMS 0x000000008f300000, 0x000000008f300000| Complete 
| 186|0x000000008f400000, 0x000000008f500000, 0x000000008f500000|100%| E|CS|TAMS 0x000000008f400000, 0x000000008f400000| Complete 
| 187|0x000000008f500000, 0x000000008f600000, 0x000000008f600000|100%| E|CS|TAMS 0x000000008f500000, 0x000000008f500000| Complete 
| 188|0x000000008f600000, 0x000000008f700000, 0x000000008f700000|100%| E|CS|TAMS 0x000000008f600000, 0x000000008f600000| Complete 
| 189|0x000000008f700000, 0x000000008f800000, 0x000000008f800000|100%| E|CS|TAMS 0x000000008f700000, 0x000000008f700000| Complete 
| 190|0x000000008f800000, 0x000000008f900000, 0x000000008f900000|100%| E|CS|TAMS 0x000000008f800000, 0x000000008f800000| Complete 
| 191|0x000000008f900000, 0x000000008fa00000, 0x000000008fa00000|100%| E|CS|TAMS 0x000000008f900000, 0x000000008f900000| Complete 
| 192|0x000000008fa00000, 0x000000008fb00000, 0x000000008fb00000|100%| E|CS|TAMS 0x000000008fa00000, 0x000000008fa00000| Complete 
| 193|0x000000008fb00000, 0x000000008fc00000, 0x000000008fc00000|100%| E|CS|TAMS 0x000000008fb00000, 0x000000008fb00000| Complete 
| 194|0x000000008fc00000, 0x000000008fd00000, 0x000000008fd00000|100%| E|CS|TAMS 0x000000008fc00000, 0x000000008fc00000| Complete 
| 195|0x000000008fd00000, 0x000000008fe00000, 0x000000008fe00000|100%| E|CS|TAMS 0x000000008fd00000, 0x000000008fd00000| Complete 
| 196|0x000000008fe00000, 0x000000008ff00000, 0x000000008ff00000|100%| E|CS|TAMS 0x000000008fe00000, 0x000000008fe00000| Complete 
| 197|0x000000008ff00000, 0x0000000090000000, 0x0000000090000000|100%| E|CS|TAMS 0x000000008ff00000, 0x000000008ff00000| Complete 
| 198|0x0000000090000000, 0x0000000090100000, 0x0000000090100000|100%| E|CS|TAMS 0x0000000090000000, 0x0000000090000000| Complete 
| 199|0x0000000090100000, 0x0000000090200000, 0x0000000090200000|100%| E|CS|TAMS 0x0000000090100000, 0x0000000090100000| Complete 
| 200|0x0000000090200000, 0x0000000090300000, 0x0000000090300000|100%| E|CS|TAMS 0x0000000090200000, 0x0000000090200000| Complete 
| 201|0x0000000090300000, 0x0000000090400000, 0x0000000090400000|100%| E|CS|TAMS 0x0000000090300000, 0x0000000090300000| Complete 
| 202|0x0000000090400000, 0x0000000090500000, 0x0000000090500000|100%| E|CS|TAMS 0x0000000090400000, 0x0000000090400000| Complete 
| 203|0x0000000090500000, 0x0000000090600000, 0x0000000090600000|100%| E|CS|TAMS 0x0000000090500000, 0x0000000090500000| Complete 
| 204|0x0000000090600000, 0x0000000090700000, 0x0000000090700000|100%| E|CS|TAMS 0x0000000090600000, 0x0000000090600000| Complete 
| 205|0x0000000090700000, 0x0000000090800000, 0x0000000090800000|100%| E|CS|TAMS 0x0000000090700000, 0x0000000090700000| Complete 
|1988|0x00000000ffe00000, 0x00000000fff00000, 0x00000000fff00000|100%| O|  |TAMS 0x00000000fff00000, 0x00000000ffe00000| Untracked 
|1989|0x00000000fff00000, 0x0000000100000000, 0x0000000100000000|100%| O|  |TAMS 0x0000000100000000, 0x00000000fff00000| Untracked 

Card table byte_map: [0x00000246cd6c0000,0x00000246cdab0000] _byte_map_base: 0x00000246cd2a3000

Marking Bits (Prev, Next): (CMBitMap*) 0x00000246bb2425e0, (CMBitMap*) 0x00000246bb2425a0
 Prev Bits: [0x00000246cfdc0000, 0x00000246d1cd8000)
 Next Bits: [0x00000246cdea0000, 0x00000246cfdb8000)

Polling page: 0x00000246b90e0000

Metaspace:

Usage:
  Non-class:     51.00 MB used.
      Class:      6.39 MB used.
       Both:     57.39 MB used.

Virtual space:
  Non-class space:       64.00 MB reserved,      51.12 MB ( 80%) committed,  1 nodes.
      Class space:        1.00 GB reserved,       6.50 MB ( <1%) committed,  1 nodes.
             Both:        1.06 GB reserved,      57.62 MB (  5%) committed. 

Chunk freelists:
   Non-Class:  12.00 MB
       Class:  9.48 MB
        Both:  21.49 MB

MaxMetaspaceSize: unlimited
CompressedClassSpaceSize: 1.00 GB
Initial GC threshold: 21.00 MB
Current GC threshold: 81.19 MB
CDS: off
MetaspaceReclaimPolicy: balanced
 - commit_granule_bytes: 65536.
 - commit_granule_words: 8192.
 - virtual_space_node_default_size: 8388608.
 - enlarge_chunks_in_place: 1.
 - new_chunks_are_fully_committed: 0.
 - uncommit_free_chunks: 1.
 - use_allocation_guard: 0.
 - handle_deallocations: 1.


Internal statistics:

num_allocs_failed_limit: 3.
num_arena_births: 246.
num_arena_deaths: 0.
num_vsnodes_births: 2.
num_vsnodes_deaths: 0.
num_space_committed: 920.
num_space_uncommitted: 0.
num_chunks_returned_to_freelist: 3.
num_chunks_taken_from_freelist: 2128.
num_chunk_merges: 3.
num_chunk_splits: 1677.
num_chunks_enlarged: 1468.
num_inconsistent_stats: 0.

CodeHeap 'non-profiled nmethods': size=120064Kb used=5311Kb max_used=5311Kb free=114752Kb
 bounds [0x00000246c6180000, 0x00000246c66b0000, 0x00000246cd6c0000]
CodeHeap 'profiled nmethods': size=120000Kb used=26577Kb max_used=26577Kb free=93422Kb
 bounds [0x00000246be6c0000, 0x00000246c00c0000, 0x00000246c5bf0000]
CodeHeap 'non-nmethods': size=5696Kb used=1293Kb max_used=1355Kb free=4402Kb
 bounds [0x00000246c5bf0000, 0x00000246c5e60000, 0x00000246c6180000]
 total_blobs=8901 nmethods=8298 adapters=514
 compilation: enabled
              stopped_count=0, restarted_count=0
 full_count=0

Compilation events (20 events):
Event: 111.988 Thread 0x00000246d42c91e0 9579       1       org.jetbrains.kotlin.utils.NumberWithRadix::component2 (5 bytes)
Event: 111.988 Thread 0x00000246d42c91e0 nmethod 9579 0x00000246c66af090 code [0x00000246c66af220, 0x00000246c66af2f8]
Event: 111.997 Thread 0x00000246d42c91e0 9581       3       org.jetbrains.kotlin.resolve.DescriptorEquivalenceForOverrides::areCallableDescriptorsEquivalent$default (36 bytes)
Event: 111.997 Thread 0x00000246d42c91e0 nmethod 9581 0x00000246c0082890 code [0x00000246c0082a40, 0x00000246c0082be8]
Event: 112.003 Thread 0x00000246d42c91e0 9582       3       org.jetbrains.kotlin.types.checker.NewKotlinTypeCheckerImpl::equalTypes (48 bytes)
Event: 112.986 Thread 0x00000246d42c91e0 nmethod 9582 0x00000246c0082d10 code [0x00000246c0083160, 0x00000246c0084bf8]
Event: 112.986 Thread 0x00000246d42c91e0 9583       3       org.jetbrains.kotlin.resolve.calls.tower.TowerUtilsKt::forceResolution (15 bytes)
Event: 112.987 Thread 0x00000246d42c91e0 nmethod 9583 0x00000246c0085590 code [0x00000246c00857e0, 0x00000246c0086028]
Event: 112.987 Thread 0x00000246d42c91e0 9584       3       org.jetbrains.kotlin.parsing.KotlinParsing::parseImportDirectives (52 bytes)
Event: 112.988 Thread 0x00000246d42c91e0 nmethod 9584 0x00000246c0086310 code [0x00000246c0086540, 0x00000246c0086ce8]
Event: 112.993 Thread 0x00000246d42c91e0 9585       3       org.jetbrains.kotlin.resolve.constants.IntegerValueTypeConstant::toConstantValue (247 bytes)
Event: 112.996 Thread 0x00000246d42c91e0 nmethod 9585 0x00000246c0086f90 code [0x00000246c00875a0, 0x00000246c0089e88]
Event: 113.004 Thread 0x00000246d42c91e0 9586       3       org.jetbrains.kotlin.resolve.calls.components.PostponedArgumentsAnalyzer$createSubstituteFunctorForLambdaAnalysis$1::invoke (9 bytes)
Event: 113.005 Thread 0x00000246d42c91e0 nmethod 9586 0x00000246c008ac90 code [0x00000246c008af40, 0x00000246c008bcb8]
Event: 113.005 Thread 0x00000246d42c91e0 9587       3       org.jetbrains.kotlin.resolve.calls.components.PostponedArgumentsAnalyzer$createSubstituteFunctorForLambdaAnalysis$1::invoke (34 bytes)
Event: 113.006 Thread 0x00000246d42c91e0 nmethod 9587 0x00000246c008c110 code [0x00000246c008c3a0, 0x00000246c008cfb8]
Event: 113.009 Thread 0x00000246d42c91e0 9588       3       org.jetbrains.kotlin.resolve.scopes.LexicalWritableScope::freeze (6 bytes)
Event: 113.009 Thread 0x00000246d42c91e0 nmethod 9588 0x00000246c008d390 code [0x00000246c008d520, 0x00000246c008d638]
Event: 113.038 Thread 0x00000246d42c91e0 9589       3       org.jetbrains.kotlin.resolve.calls.util.FakeCallableDescriptorForObject::getContextReceiverParameters (4 bytes)
Event: 113.039 Thread 0x00000246d42c91e0 nmethod 9589 0x00000246c008d710 code [0x00000246c008d8a0, 0x00000246c008da18]

GC Heap History (20 events):
Event: 56.365 GC heap before
{Heap before GC invocations=35 (full 0):
 garbage-first heap   total 68608K, used 44560K [0x0000000083a00000, 0x0000000100000000)
  region size 1024K, 10 young (10240K), 2 survivors (2048K)
 Metaspace       used 43403K, committed 43648K, reserved 1114112K
  class space    used 5164K, committed 5248K, reserved 1048576K
}
Event: 56.375 GC heap after
{Heap after GC invocations=36 (full 0):
 garbage-first heap   total 68608K, used 36976K [0x0000000083a00000, 0x0000000100000000)
  region size 1024K, 1 young (1024K), 1 survivors (1024K)
 Metaspace       used 43403K, committed 43648K, reserved 1114112K
  class space    used 5164K, committed 5248K, reserved 1048576K
}
Event: 62.501 GC heap before
{Heap before GC invocations=36 (full 0):
 garbage-first heap   total 68608K, used 51312K [0x0000000083a00000, 0x0000000100000000)
  region size 1024K, 16 young (16384K), 1 survivors (1024K)
 Metaspace       used 45893K, committed 46144K, reserved 1114112K
  class space    used 5465K, committed 5568K, reserved 1048576K
}
Event: 62.509 GC heap after
{Heap after GC invocations=37 (full 0):
 garbage-first heap   total 68608K, used 37937K [0x0000000083a00000, 0x0000000100000000)
  region size 1024K, 2 young (2048K), 2 survivors (2048K)
 Metaspace       used 45893K, committed 46144K, reserved 1114112K
  class space    used 5465K, committed 5568K, reserved 1048576K
}
Event: 68.811 GC heap before
{Heap before GC invocations=38 (full 0):
 garbage-first heap   total 68608K, used 51886K [0x0000000083a00000, 0x0000000100000000)
  region size 1024K, 17 young (17408K), 2 survivors (2048K)
 Metaspace       used 48722K, committed 48960K, reserved 1114112K
  class space    used 5815K, committed 5888K, reserved 1048576K
}
Event: 68.830 GC heap after
{Heap after GC invocations=39 (full 0):
 garbage-first heap   total 68608K, used 39236K [0x0000000083a00000, 0x0000000100000000)
  region size 1024K, 3 young (3072K), 3 survivors (3072K)
 Metaspace       used 48722K, committed 48960K, reserved 1114112K
  class space    used 5815K, committed 5888K, reserved 1048576K
}
Event: 69.290 GC heap before
{Heap before GC invocations=39 (full 0):
 garbage-first heap   total 68608K, used 39236K [0x0000000083a00000, 0x0000000100000000)
  region size 1024K, 4 young (4096K), 3 survivors (3072K)
 Metaspace       used 49098K, committed 49344K, reserved 1114112K
  class space    used 5868K, committed 5952K, reserved 1048576K
}
Event: 69.300 GC heap after
{Heap after GC invocations=40 (full 0):
 garbage-first heap   total 68608K, used 39128K [0x0000000083a00000, 0x0000000100000000)
  region size 1024K, 1 young (1024K), 1 survivors (1024K)
 Metaspace       used 49098K, committed 49344K, reserved 1114112K
  class space    used 5868K, committed 5952K, reserved 1048576K
}
Event: 70.998 GC heap before
{Heap before GC invocations=40 (full 0):
 garbage-first heap   total 68608K, used 55512K [0x0000000083a00000, 0x0000000100000000)
  region size 1024K, 15 young (15360K), 1 survivors (1024K)
 Metaspace       used 49603K, committed 49856K, reserved 1114112K
  class space    used 5914K, committed 6016K, reserved 1048576K
}
Event: 71.006 GC heap after
{Heap after GC invocations=41 (full 0):
 garbage-first heap   total 68608K, used 42552K [0x0000000083a00000, 0x0000000100000000)
  region size 1024K, 2 young (2048K), 2 survivors (2048K)
 Metaspace       used 49603K, committed 49856K, reserved 1114112K
  class space    used 5914K, committed 6016K, reserved 1048576K
}
Event: 72.750 GC heap before
{Heap before GC invocations=42 (full 0):
 garbage-first heap   total 73728K, used 54840K [0x0000000083a00000, 0x0000000100000000)
  region size 1024K, 14 young (14336K), 2 survivors (2048K)
 Metaspace       used 49603K, committed 49856K, reserved 1114112K
  class space    used 5914K, committed 6016K, reserved 1048576K
}
Event: 72.759 GC heap after
{Heap after GC invocations=43 (full 0):
 garbage-first heap   total 73728K, used 43760K [0x0000000083a00000, 0x0000000100000000)
  region size 1024K, 2 young (2048K), 2 survivors (2048K)
 Metaspace       used 49603K, committed 49856K, reserved 1114112K
  class space    used 5914K, committed 6016K, reserved 1048576K
}
Event: 72.942 GC heap before
{Heap before GC invocations=43 (full 0):
 garbage-first heap   total 73728K, used 43760K [0x0000000083a00000, 0x0000000100000000)
  region size 1024K, 3 young (3072K), 2 survivors (2048K)
 Metaspace       used 49603K, committed 49856K, reserved 1114112K
  class space    used 5914K, committed 6016K, reserved 1048576K
}
Event: 72.947 GC heap after
{Heap after GC invocations=44 (full 0):
 garbage-first heap   total 73728K, used 43223K [0x0000000083a00000, 0x0000000100000000)
  region size 1024K, 1 young (1024K), 1 survivors (1024K)
 Metaspace       used 49603K, committed 49856K, reserved 1114112K
  class space    used 5914K, committed 6016K, reserved 1048576K
}
Event: 75.889 GC heap before
{Heap before GC invocations=44 (full 0):
 garbage-first heap   total 73728K, used 58583K [0x0000000083a00000, 0x0000000100000000)
  region size 1024K, 16 young (16384K), 1 survivors (1024K)
 Metaspace       used 49603K, committed 49856K, reserved 1114112K
  class space    used 5914K, committed 6016K, reserved 1048576K
}
Event: 75.896 GC heap after
{Heap after GC invocations=45 (full 0):
 garbage-first heap   total 212992K, used 44333K [0x0000000083a00000, 0x0000000100000000)
  region size 1024K, 2 young (2048K), 2 survivors (2048K)
 Metaspace       used 49603K, committed 49856K, reserved 1114112K
  class space    used 5914K, committed 6016K, reserved 1048576K
}
Event: 86.050 GC heap before
{Heap before GC invocations=45 (full 0):
 garbage-first heap   total 212992K, used 150829K [0x0000000083a00000, 0x0000000100000000)
  region size 1024K, 106 young (108544K), 2 survivors (2048K)
 Metaspace       used 52849K, committed 53056K, reserved 1114112K
  class space    used 6199K, committed 6272K, reserved 1048576K
}
Event: 86.111 GC heap after
{Heap after GC invocations=46 (full 0):
 garbage-first heap   total 212992K, used 58470K [0x0000000083a00000, 0x0000000100000000)
  region size 1024K, 14 young (14336K), 14 survivors (14336K)
 Metaspace       used 52849K, committed 53056K, reserved 1114112K
  class space    used 6199K, committed 6272K, reserved 1048576K
}
Event: 97.984 GC heap before
{Heap before GC invocations=46 (full 0):
 garbage-first heap   total 212992K, used 143462K [0x0000000083a00000, 0x0000000100000000)
  region size 1024K, 96 young (98304K), 14 survivors (14336K)
 Metaspace       used 57058K, committed 57280K, reserved 1114112K
  class space    used 6507K, committed 6592K, reserved 1048576K
}
Event: 98.048 GC heap after
{Heap after GC invocations=47 (full 0):
 garbage-first heap   total 212992K, used 69155K [0x0000000083a00000, 0x0000000100000000)
  region size 1024K, 12 young (12288K), 12 survivors (12288K)
 Metaspace       used 57058K, committed 57280K, reserved 1114112K
  class space    used 6507K, committed 6592K, reserved 1048576K
}

Dll operation events (2 events):
Event: 0.139 Loaded shared library C:\Program Files\Android\Android Studio\jbr\bin\java.dll
Event: 20.955 Loaded shared library C:\Program Files\Android\Android Studio\jbr\bin\verify.dll

Deoptimization events (20 events):
Event: 110.143 Thread 0x00000246bb1e6bb0 Uncommon trap: trap_request=0xffffffbe fr.pc=0x00000246c6683ae4 relative=0x0000000000001324
Event: 110.143 Thread 0x00000246bb1e6bb0 Uncommon trap: reason=profile_predicate action=maybe_recompile pc=0x00000246c6683ae4 method=org.jetbrains.kotlin.com.intellij.extapi.psi.StubBasedPsiElementBase.getStubOrPsiChildren(Lorg/jetbrains/kotlin/com/intellij/psi/stubs/IStubElementType;Lorg/jetbra
Event: 110.143 Thread 0x00000246bb1e6bb0 DEOPT PACKING pc=0x00000246c6683ae4 sp=0x0000009d244fb450
Event: 110.143 Thread 0x00000246bb1e6bb0 DEOPT UNPACKING pc=0x00000246c5c4699d sp=0x0000009d244fb410 mode 2
Event: 110.626 Thread 0x00000246bb1e6bb0 Uncommon trap: trap_request=0xffffffd6 fr.pc=0x00000246c6695558 relative=0x0000000000000e18
Event: 110.627 Thread 0x00000246bb1e6bb0 Uncommon trap: reason=array_check action=maybe_recompile pc=0x00000246c6695558 method=org.jetbrains.kotlin.com.intellij.extapi.psi.StubBasedPsiElementBase.getStubOrPsiChildren(Lorg/jetbrains/kotlin/com/intellij/psi/stubs/IStubElementType;Lorg/jetbrains/ko
Event: 110.627 Thread 0x00000246bb1e6bb0 DEOPT PACKING pc=0x00000246c6695558 sp=0x0000009d244fb460
Event: 110.627 Thread 0x00000246bb1e6bb0 DEOPT UNPACKING pc=0x00000246c5c4699d sp=0x0000009d244fb418 mode 2
Event: 110.627 Thread 0x00000246bb1e6bb0 Uncommon trap: trap_request=0xffffffd6 fr.pc=0x00000246c6695558 relative=0x0000000000000e18
Event: 110.627 Thread 0x00000246bb1e6bb0 Uncommon trap: reason=array_check action=maybe_recompile pc=0x00000246c6695558 method=org.jetbrains.kotlin.com.intellij.extapi.psi.StubBasedPsiElementBase.getStubOrPsiChildren(Lorg/jetbrains/kotlin/com/intellij/psi/stubs/IStubElementType;Lorg/jetbrains/ko
Event: 110.627 Thread 0x00000246bb1e6bb0 DEOPT PACKING pc=0x00000246c6695558 sp=0x0000009d244fb720
Event: 110.627 Thread 0x00000246bb1e6bb0 DEOPT UNPACKING pc=0x00000246c5c4699d sp=0x0000009d244fb6d8 mode 2
Event: 110.632 Thread 0x00000246bb1e6bb0 Uncommon trap: trap_request=0xffffffd6 fr.pc=0x00000246c6695558 relative=0x0000000000000e18
Event: 110.632 Thread 0x00000246bb1e6bb0 Uncommon trap: reason=array_check action=maybe_recompile pc=0x00000246c6695558 method=org.jetbrains.kotlin.com.intellij.extapi.psi.StubBasedPsiElementBase.getStubOrPsiChildren(Lorg/jetbrains/kotlin/com/intellij/psi/stubs/IStubElementType;Lorg/jetbrains/ko
Event: 110.632 Thread 0x00000246bb1e6bb0 DEOPT PACKING pc=0x00000246c6695558 sp=0x0000009d244fb7c0
Event: 110.632 Thread 0x00000246bb1e6bb0 DEOPT UNPACKING pc=0x00000246c5c4699d sp=0x0000009d244fb778 mode 2
Event: 110.632 Thread 0x00000246bb1e6bb0 Uncommon trap: trap_request=0xffffffd6 fr.pc=0x00000246c6695558 relative=0x0000000000000e18
Event: 110.632 Thread 0x00000246bb1e6bb0 Uncommon trap: reason=array_check action=maybe_recompile pc=0x00000246c6695558 method=org.jetbrains.kotlin.com.intellij.extapi.psi.StubBasedPsiElementBase.getStubOrPsiChildren(Lorg/jetbrains/kotlin/com/intellij/psi/stubs/IStubElementType;Lorg/jetbrains/ko
Event: 110.632 Thread 0x00000246bb1e6bb0 DEOPT PACKING pc=0x00000246c6695558 sp=0x0000009d244fb760
Event: 110.632 Thread 0x00000246bb1e6bb0 DEOPT UNPACKING pc=0x00000246c5c4699d sp=0x0000009d244fb718 mode 2

Classes unloaded (0 events):
No events

Classes redefined (0 events):
No events

Internal exceptions (20 events):
Event: 39.879 Thread 0x00000246bb1e6bb0 Exception <a 'java/lang/NoSuchMethodError'{0x0000000089fc62b0}: 'java.lang.Object java.lang.invoke.DirectMethodHandle$Holder.invokeSpecial(java.lang.Object, java.lang.Object, java.lang.Object, java.lang.Object, int)'> (0x0000000089fc62b0) 
thrown [s\src\hotspot\share\interpreter\linkResolver.cpp, line 771]
Event: 39.880 Thread 0x00000246bb1e6bb0 Exception <a 'java/lang/NoSuchMethodError'{0x0000000089fca120}: 'java.lang.Object java.lang.invoke.Invokers$Holder.linkToTargetMethod(java.lang.Object, java.lang.Object, int, java.lang.Object)'> (0x0000000089fca120) 
thrown [s\src\hotspot\share\interpreter\linkResolver.cpp, line 771]
Event: 46.891 Thread 0x00000246bb1e6bb0 Exception <a 'java/lang/NoSuchMethodError'{0x0000000085d86fa8}: 'java.lang.Object java.lang.invoke.DirectMethodHandle$Holder.newInvokeSpecial(java.lang.Object, java.lang.Object, java.lang.Object, java.lang.Object, java.lang.Object)'> (0x0000000085d86fa8) 
thrown [s\src\hotspot\share\interpreter\linkResolver.cpp, line 771]
Event: 47.067 Thread 0x00000246bb1e6bb0 Exception <a 'java/lang/NoSuchMethodError'{0x0000000085c8ba78}: 'java.lang.Object java.lang.invoke.DirectMethodHandle$Holder.newInvokeSpecial(java.lang.Object, java.lang.Object, java.lang.Object, java.lang.Object, java.lang.Object, java.lang.Object)'> (0x0000000085c8ba78) 
thrown [s\src\hotspot\share\interpreter\linkResolver.cpp, line 771]
Event: 58.802 Thread 0x00000246bb1e6bb0 Implicit null exception at 0x00000246c6275271 to 0x00000246c6275450
Event: 66.735 Thread 0x00000246bb1e6bb0 Implicit null exception at 0x00000246c63b3d3d to 0x00000246c63b4425
Event: 66.735 Thread 0x00000246bb1e6bb0 Implicit null exception at 0x00000246c63cb68f to 0x00000246c63cb6c0
Event: 69.312 Thread 0x00000246bb1e6bb0 Exception <a 'java/lang/NoSuchMethodError'{0x000000008b7155b8}: 'java.lang.Object java.lang.invoke.DirectMethodHandle$Holder.invokeStatic(java.lang.Object, java.lang.Object, java.lang.Object, java.lang.Object, int)'> (0x000000008b7155b8) 
thrown [s\src\hotspot\share\interpreter\linkResolver.cpp, line 771]
Event: 69.314 Thread 0x00000246bb1e6bb0 Exception <a 'java/lang/NoSuchMethodError'{0x000000008b71eff8}: 'java.lang.Object java.lang.invoke.DirectMethodHandle$Holder.newInvokeSpecial(java.lang.Object, java.lang.Object, java.lang.Object, java.lang.Object, int)'> (0x000000008b71eff8) 
thrown [s\src\hotspot\share\interpreter\linkResolver.cpp, line 771]
Event: 69.316 Thread 0x00000246bb1e6bb0 Exception <a 'java/lang/NoSuchMethodError'{0x000000008b726f18}: 'java.lang.Object java.lang.invoke.Invokers$Holder.linkToTargetMethod(java.lang.Object, java.lang.Object, java.lang.Object, int, java.lang.Object)'> (0x000000008b726f18) 
thrown [s\src\hotspot\share\interpreter\linkResolver.cpp, line 771]
Event: 87.136 Thread 0x00000246bb1e6bb0 Implicit null exception at 0x00000246c64786bc to 0x00000246c6478f7c
Event: 87.283 Thread 0x00000246bb1e6bb0 Exception <a 'java/lang/NoSuchMethodError'{0x000000009005c820}: 'java.lang.Object java.lang.invoke.DirectMethodHandle$Holder.invokeInterface(java.lang.Object, java.lang.Object, java.lang.Object)'> (0x000000009005c820) 
thrown [s\src\hotspot\share\interpreter\linkResolver.cpp, line 771]
Event: 87.286 Thread 0x00000246bb1e6bb0 Exception <a 'java/lang/IncompatibleClassChangeError'{0x0000000090060190}: Found class java.lang.Object, but interface was expected> (0x0000000090060190) 
thrown [s\src\hotspot\share\interpreter\linkResolver.cpp, line 838]
Event: 88.049 Thread 0x00000246bb1e6bb0 Exception <a 'java/lang/NoSuchMethodError'{0x000000008fe054c0}: 'int java.lang.invoke.DirectMethodHandle$Holder.invokeStaticInit(java.lang.Object, int)'> (0x000000008fe054c0) 
thrown [s\src\hotspot\share\interpreter\linkResolver.cpp, line 771]
Event: 90.029 Thread 0x00000246bb1e6bb0 Implicit null exception at 0x00000246c648a1b4 to 0x00000246c648a241
Event: 91.153 Thread 0x00000246bb1e6bb0 Exception <a 'java/lang/NoSuchMethodError'{0x000000008e6d1bd8}: 'java.lang.Object java.lang.invoke.DirectMethodHandle$Holder.invokeStatic(java.lang.Object, int, java.lang.Object)'> (0x000000008e6d1bd8) 
thrown [s\src\hotspot\share\interpreter\linkResolver.cpp, line 771]
Event: 91.181 Thread 0x00000246bb1e6bb0 Exception <a 'java/lang/NoSuchMethodError'{0x000000008e6f8050}: 'java.lang.Object java.lang.invoke.DirectMethodHandle$Holder.newInvokeSpecial(java.lang.Object, int, java.lang.Object)'> (0x000000008e6f8050) 
thrown [s\src\hotspot\share\interpreter\linkResolver.cpp, line 771]
Event: 91.183 Thread 0x00000246bb1e6bb0 Exception <a 'java/lang/NoSuchMethodError'{0x000000008e6fed20}: 'int java.lang.invoke.DirectMethodHandle$Holder.invokeInterface(java.lang.Object, java.lang.Object)'> (0x000000008e6fed20) 
thrown [s\src\hotspot\share\interpreter\linkResolver.cpp, line 771]
Event: 95.260 Thread 0x00000246bb1e6bb0 Exception <a 'java/lang/NoSuchMethodError'{0x000000008c5f5bf8}: 'java.lang.Object java.lang.invoke.DirectMethodHandle$Holder.newInvokeSpecial(java.lang.Object, java.lang.Object, java.lang.Object, java.lang.Object, java.lang.Object, java.lang.Object, java.lang.Object)'> (0x000000008c5f5bf8) 
thrown [s\src\hotspot\share\interpreter\linkResolver.cpp, line 771]
Event: 95.261 Thread 0x00000246bb1e6bb0 Exception <a 'java/lang/NoSuchMethodError'{0x000000008c5fb4f8}: 'java.lang.Object java.lang.invoke.Invokers$Holder.linkToTargetMethod(java.lang.Object, java.lang.Object, java.lang.Object, java.lang.Object, java.lang.Object, java.lang.Object, java.lang.Object)'> (0x000000008c5fb4f8) 
thrown [s\src\hotspot\share\interpreter\linkResolver.cpp, line 771]

VM Operations (20 events):
Event: 106.316 Executing VM operation: Cleanup
Event: 106.333 Executing VM operation: Cleanup done
Event: 107.359 Executing VM operation: Cleanup
Event: 107.380 Executing VM operation: Cleanup done
Event: 108.141 Executing VM operation: ICBufferFull
Event: 108.142 Executing VM operation: ICBufferFull done
Event: 108.235 Executing VM operation: HandshakeAllThreads
Event: 108.235 Executing VM operation: HandshakeAllThreads done
Event: 108.519 Executing VM operation: ICBufferFull
Event: 108.519 Executing VM operation: ICBufferFull done
Event: 108.548 Executing VM operation: HandshakeAllThreads
Event: 108.577 Executing VM operation: HandshakeAllThreads done
Event: 109.570 Executing VM operation: ICBufferFull
Event: 109.570 Executing VM operation: ICBufferFull done
Event: 110.580 Executing VM operation: Cleanup
Event: 110.581 Executing VM operation: Cleanup done
Event: 111.583 Executing VM operation: Cleanup
Event: 111.597 Executing VM operation: Cleanup done
Event: 112.599 Executing VM operation: Cleanup
Event: 112.986 Executing VM operation: Cleanup done

Events (20 events):
Event: 97.759 Thread 0x00000246d42caa10 flushing nmethod 0x00000246bf39fd90
Event: 97.759 Thread 0x00000246d42caa10 flushing nmethod 0x00000246bf3dbf90
Event: 97.759 Thread 0x00000246d42caa10 flushing nmethod 0x00000246bf3e4510
Event: 97.759 Thread 0x00000246d42caa10 flushing nmethod 0x00000246bf3e7b10
Event: 97.759 Thread 0x00000246d42caa10 flushing nmethod 0x00000246bf413290
Event: 97.759 Thread 0x00000246d42caa10 flushing nmethod 0x00000246bf42be90
Event: 97.760 Thread 0x00000246d42caa10 flushing nmethod 0x00000246bf501790
Event: 97.760 Thread 0x00000246d42caa10 flushing nmethod 0x00000246bf572110
Event: 97.760 Thread 0x00000246d42caa10 flushing nmethod 0x00000246bf5bc010
Event: 97.760 Thread 0x00000246d42caa10 flushing nmethod 0x00000246bf5bf690
Event: 97.761 Thread 0x00000246d42caa10 flushing nmethod 0x00000246bf726790
Event: 97.761 Thread 0x00000246d42caa10 flushing nmethod 0x00000246bf78bb90
Event: 97.762 Thread 0x00000246d42caa10 flushing nmethod 0x00000246bf81b610
Event: 97.763 Thread 0x00000246d42caa10 flushing nmethod 0x00000246bf91dd10
Event: 97.763 Thread 0x00000246d42caa10 flushing nmethod 0x00000246bf92de90
Event: 97.763 Thread 0x00000246d42caa10 flushing nmethod 0x00000246bf937190
Event: 97.763 Thread 0x00000246d42caa10 flushing nmethod 0x00000246bf9beb90
Event: 97.763 Thread 0x00000246d42caa10 flushing nmethod 0x00000246bf9c5110
Event: 108.595 Thread 0x00000246d42caa10 flushing nmethod 0x00000246bf27dd90
Event: 108.596 Thread 0x00000246d42caa10 flushing nmethod 0x00000246bf351410


Dynamic libraries:
0x00007ff6f89a0000 - 0x00007ff6f89aa000 	C:\Program Files\Android\Android Studio\jbr\bin\java.exe
0x00007fff103e0000 - 0x00007fff10645000 	C:\WINDOWS\SYSTEM32\ntdll.dll
0x00007fff0ee30000 - 0x00007fff0eef9000 	C:\WINDOWS\System32\KERNEL32.DLL
0x00007fff0d7f0000 - 0x00007fff0dbd8000 	C:\WINDOWS\System32\KERNELBASE.dll
0x00007fff0e030000 - 0x00007fff0e17b000 	C:\WINDOWS\System32\ucrtbase.dll
0x00007ffefa560000 - 0x00007ffefa577000 	C:\Program Files\Android\Android Studio\jbr\bin\jli.dll
0x00007fff0ef40000 - 0x00007fff0f10a000 	C:\WINDOWS\System32\USER32.dll
0x00007fff0d530000 - 0x00007fff0d557000 	C:\WINDOWS\System32\win32u.dll
0x00007fff0ef00000 - 0x00007fff0ef2b000 	C:\WINDOWS\System32\GDI32.dll
0x00007fff0d610000 - 0x00007fff0d747000 	C:\WINDOWS\System32\gdi32full.dll
0x00007fff0d560000 - 0x00007fff0d603000 	C:\WINDOWS\System32\msvcp_win.dll
0x00007ffef9fd0000 - 0x00007ffef9feb000 	C:\Program Files\Android\Android Studio\jbr\bin\VCRUNTIME140.dll
0x00007ffefc4e0000 - 0x00007ffefc77a000 	C:\WINDOWS\WinSxS\amd64_microsoft.windows.common-controls_6595b64144ccf1df_6.0.26100.4202_none_3e0698d4e335f517\COMCTL32.dll
0x00007fff0e360000 - 0x00007fff0e409000 	C:\WINDOWS\System32\msvcrt.dll
0x00007fff0e760000 - 0x00007fff0e790000 	C:\WINDOWS\System32\IMM32.DLL
0x00007fff07f80000 - 0x00007fff07f8c000 	C:\Program Files\Android\Android Studio\jbr\bin\vcruntime140_1.dll
0x00007ffee4840000 - 0x00007ffee48cd000 	C:\Program Files\Android\Android Studio\jbr\bin\msvcp140.dll
0x00007ffe7a260000 - 0x00007ffe7aee3000 	C:\Program Files\Android\Android Studio\jbr\bin\server\jvm.dll
0x00007fff0ed10000 - 0x00007fff0edc3000 	C:\WINDOWS\System32\ADVAPI32.dll
0x00007fff0e2b0000 - 0x00007fff0e356000 	C:\WINDOWS\System32\sechost.dll
0x00007fff0e180000 - 0x00007fff0e295000 	C:\WINDOWS\System32\RPCRT4.dll
0x00007fff0d380000 - 0x00007fff0d3de000 	C:\WINDOWS\SYSTEM32\POWRPROF.dll
0x00007fff07f60000 - 0x00007fff07f6a000 	C:\WINDOWS\SYSTEM32\WSOCK32.dll
0x00007fff0e530000 - 0x00007fff0e5a4000 	C:\WINDOWS\System32\WS2_32.dll
0x00007ffeee090000 - 0x00007ffeee0c5000 	C:\WINDOWS\SYSTEM32\WINMM.dll
0x00007ffeff240000 - 0x00007ffeff24b000 	C:\WINDOWS\SYSTEM32\VERSION.dll
0x00007fff0d360000 - 0x00007fff0d374000 	C:\WINDOWS\SYSTEM32\UMPDC.dll
0x00007fff0c2f0000 - 0x00007fff0c30b000 	C:\WINDOWS\SYSTEM32\kernel.appcore.dll
0x00007fff07f50000 - 0x00007fff07f5a000 	C:\Program Files\Android\Android Studio\jbr\bin\jimage.dll
0x00007fff0ad10000 - 0x00007fff0af51000 	C:\WINDOWS\SYSTEM32\DBGHELP.DLL
0x00007fff0e7a0000 - 0x00007fff0eb25000 	C:\WINDOWS\System32\combase.dll
0x00007fff0f2d0000 - 0x00007fff0f3b1000 	C:\WINDOWS\System32\OLEAUT32.dll
0x00007ffeed2b0000 - 0x00007ffeed2e9000 	C:\WINDOWS\SYSTEM32\dbgcore.DLL
0x00007fff0d750000 - 0x00007fff0d7e9000 	C:\WINDOWS\System32\bcryptPrimitives.dll
0x00007fff059f0000 - 0x00007fff05a15000 	C:\Program Files\Android\Android Studio\jbr\bin\java.dll
0x00007fff05a80000 - 0x00007fff05a98000 	C:\Program Files\Android\Android Studio\jbr\bin\zip.dll
0x00007fff0fc50000 - 0x00007fff10392000 	C:\WINDOWS\System32\SHELL32.dll
0x00007fff0ddf0000 - 0x00007fff0df64000 	C:\WINDOWS\System32\wintypes.dll
0x00007fff0b1d0000 - 0x00007fff0ba28000 	C:\WINDOWS\SYSTEM32\windows.storage.dll
0x00007fff0f410000 - 0x00007fff0f501000 	C:\WINDOWS\System32\SHCORE.dll
0x00007fff0f110000 - 0x00007fff0f17a000 	C:\WINDOWS\System32\shlwapi.dll
0x00007fff0d440000 - 0x00007fff0d46f000 	C:\WINDOWS\SYSTEM32\profapi.dll
0x00007fff05960000 - 0x00007fff05979000 	C:\Program Files\Android\Android Studio\jbr\bin\net.dll
0x00007ffeff760000 - 0x00007ffeff87e000 	C:\WINDOWS\SYSTEM32\WINHTTP.dll
0x00007fff0c860000 - 0x00007fff0c8ca000 	C:\WINDOWS\system32\mswsock.dll
0x00007ffefac30000 - 0x00007ffefac46000 	C:\Program Files\Android\Android Studio\jbr\bin\nio.dll
0x00007ffefaa90000 - 0x00007ffefaaa0000 	C:\Program Files\Android\Android Studio\jbr\bin\verify.dll

dbghelp: loaded successfully - version: 4.0.5 - missing functions: none
symbol engine: initialized successfully - sym options: 0x614 - pdb path: .;C:\Program Files\Android\Android Studio\jbr\bin;C:\WINDOWS\SYSTEM32;C:\WINDOWS\WinSxS\amd64_microsoft.windows.common-controls_6595b64144ccf1df_6.0.26100.4202_none_3e0698d4e335f517;C:\Program Files\Android\Android Studio\jbr\bin\server

VM Arguments:
java_command: org.jetbrains.kotlin.cli.jvm.K2JVMCompiler @C:\Users\HP CORPORATION\AndroidStudioProjects\ELearn\app\build\20250627_13256289052473484557.compiler.options
java_class_path (initial): C:\Users\HP CORPORATION\.gradle\caches\modules-2\files-2.1\org.jetbrains.kotlin\kotlin-compiler-embeddable\1.9.20\b44d2f7d8c1c67c0ed66d40e57e52623ca753db7\kotlin-compiler-embeddable-1.9.20.jar;C:\Users\HP CORPORATION\.gradle\caches\modules-2\files-2.1\org.jetbrains.kotlin\kotlin-stdlib\1.9.20\e58b4816ac517e9cc5df1db051120c63d4cde669\kotlin-stdlib-1.9.20.jar;C:\Users\HP CORPORATION\.gradle\caches\modules-2\files-2.1\org.jetbrains.kotlin\kotlin-script-runtime\1.9.20\6fdfef711b8e07f1a4d0979a60acd7bc8a800777\kotlin-script-runtime-1.9.20.jar;C:\Users\HP CORPORATION\.gradle\caches\modules-2\files-2.1\org.jetbrains.kotlin\kotlin-reflect\1.6.10\1cbe9c92c12a94eea200d23c2bbaedaf3daf5132\kotlin-reflect-1.6.10.jar;C:\Users\HP CORPORATION\.gradle\caches\modules-2\files-2.1\org.jetbrains.kotlin\kotlin-daemon-embeddable\1.9.20\a2a6b491bc53049e2f1af33245481db49034ba52\kotlin-daemon-embeddable-1.9.20.jar;C:\Users\HP CORPORATION\.gradle\caches\modules-2\files-2.1\org.jetbrains.intellij.deps\trove4j\1.0.20200330\3afb14d5f9ceb459d724e907a21145e8ff394f02\trove4j-1.0.20200330.jar;C:\Users\HP CORPORATION\.gradle\caches\modules-2\files-2.1\org.jetbrains\annotations\13.0\919f0dfe192fb4e063e7dacadee7f8bb9a2672a9\annotations-13.0.jar
Launcher Type: SUN_STANDARD

[Global flags]
     intx CICompilerCount                          = 2                                         {product} {ergonomic}
     uint ConcGCThreads                            = 1                                         {product} {ergonomic}
     uint G1ConcRefinementThreads                  = 2                                         {product} {ergonomic}
   size_t G1HeapRegionSize                         = 1048576                                   {product} {ergonomic}
    uintx GCDrainStackTargetSize                   = 64                                        {product} {ergonomic}
   size_t InitialHeapSize                          = 132120576                                 {product} {ergonomic}
   size_t MarkStackSize                            = 4194304                                   {product} {ergonomic}
   size_t MaxHeapSize                              = 2086666240                                {product} {ergonomic}
   size_t MaxNewSize                               = 1251999744                                {product} {ergonomic}
   size_t MinHeapDeltaBytes                        = 1048576                                   {product} {ergonomic}
   size_t MinHeapSize                              = 8388608                                   {product} {ergonomic}
    uintx NonNMethodCodeHeapSize                   = 5826188                                {pd product} {ergonomic}
    uintx NonProfiledCodeHeapSize                  = 122916026                              {pd product} {ergonomic}
    uintx ProfiledCodeHeapSize                     = 122916026                              {pd product} {ergonomic}
    uintx ReservedCodeCacheSize                    = 251658240                              {pd product} {ergonomic}
     bool SegmentedCodeCache                       = true                                      {product} {ergonomic}
   size_t SoftMaxHeapSize                          = 2086666240                             {manageable} {ergonomic}
     bool UseCompressedClassPointers               = true                           {product lp64_product} {ergonomic}
     bool UseCompressedOops                        = true                           {product lp64_product} {ergonomic}
     bool UseG1GC                                  = true                                      {product} {ergonomic}
     bool UseLargePagesIndividualAllocation        = false                                  {pd product} {ergonomic}

Logging:
Log output configuration:
 #0: stdout all=warning uptime,level,tags
 #1: stderr all=off uptime,level,tags

Environment Variables:
PATH=C:\WINDOWS\system32;C:\WINDOWS;C:\WINDOWS\System32\Wbem;C:\WINDOWS\System32\WindowsPowerShell\v1.0\;C:\WINDOWS\System32\OpenSSH\;C:\Program Files\nodejs\;C:\MinGW\bin;C:\Program Files (x86)\Windows Kits\10\Windows Performance Toolkit\;C:\Program Files\Git\cmd;C:\Users\HP CORPORATION\.config\herd-lite\bin;C:\Users\HP CORPORATION\AppData\Local\Microsoft\WindowsApps;;C:\Users\HP CORPORATION\AppData\Roaming\npm;C:\Users\HP CORPORATION\AppData\Local\Microsoft\WindowsApps;C:\Users\HP CORPORATION\AppData\Local\Programs\Microsoft VS Code\bin
USERNAME=HP CORPORATION
OS=Windows_NT
PROCESSOR_IDENTIFIER=Intel64 Family 6 Model 122 Stepping 1, GenuineIntel
TMP=C:\Users\HPCORP~1\AppData\Local\Temp
TEMP=C:\Users\HPCORP~1\AppData\Local\Temp



Periodic native trim disabled

JNI global refs:
JNI global refs: 8, weak refs: 4

JNI global refs memory usage: 843, weak refs: 841

Process memory usage:
Resident Set Size: 349348K (4% of 8145100K total physical memory with 826984K free physical memory)

OOME stack traces (most recent first):
Classloader memory used:
Loader jdk.internal.loader.ClassLoaders$AppClassLoader                                 : 5927K
Loader bootstrap                                                                       : 1344K
Loader java.net.URLClassLoader                                                         : 59924B
Loader jdk.internal.reflect.DelegatingClassLoader                                      : 14861B


---------------  S Y S T E M  ---------------

OS:
 Windows 11 , 64 bit Build 26100 (10.0.26100.4202)
OS uptime: 12 days 23:04 hours

CPU: total 2 (initial active 2) (2 cores per cpu, 1 threads per core) family 6 model 122 stepping 1 microcode 0x34, cx8, cmov, fxsr, mmx, 3dnowpref, sse, sse2, sse3, ssse3, sse4.1, sse4.2, popcnt, tsc, tscinvbit, aes, erms, clmul, sha, clflush, clflushopt
Processor Information for all 2 processors :
  Max Mhz: 1101, Current Mhz: 1101, Mhz Limit: 1101

Memory: 4k page, system-wide physical 7954M (807M free)
TotalPageFile size 32530M (AvailPageFile size 6M)
current process WorkingSet (physical memory assigned to process): 341M, peak: 341M
current process commit charge ("private bytes"): 407M, peak: 410M

vm_info: OpenJDK 64-Bit Server VM (17.0.11+0--11852314) for windows-amd64 JRE (17.0.11+0--11852314), built on May 16 2024 21:29:20 by "androidbuild" with MS VC++ 16.10 / 16.11 (VS2019)

END.
